2019-07-25 14:18:15 -Starting BootdoApplication on MSI with PID 31560 (C:\Users\42536\Desktop\bootdo\bootdo\target\classes started by 42536 in C:\Users\42536\Desktop\bootdo)
2019-07-25 14:18:15 -Running with Spring Boot v2.0.3.RELEASE, Spring v5.0.7.RELEASE
2019-07-25 14:18:15 -The following profiles are active: dev
2019-07-25 14:18:15 -Refreshing org.springframework.boot.web.servlet.context.AnnotationConfigServletWebServerApplicationContext@437da279: startup date [Thu Jul 25 14:18:15 CST 2019]; root of context hierarchy
2019-07-25 14:18:16 -Multiple Spring Data modules found, entering strict repository configuration mode!
2019-07-25 14:18:17 -Bean 'org.springframework.transaction.annotation.ProxyTransactionManagementConfiguration' of type [org.springframework.transaction.annotation.ProxyTransactionManagementConfiguration$$EnhancerBySpringCGLIB$$160ec59a] is not eligible for getting processed by all BeanPostProcessors (for example: not eligible for auto-proxying)
2019-07-25 14:18:17 -Bean 'shiroConfig' of type [com.bootdo.system.config.ShiroConfig$$EnhancerBySpringCGLIB$$867f441] is not eligible for getting processed by all BeanPostProcessors (for example: not eligible for auto-proxying)
2019-07-25 14:18:18 -Bean 'userRealm' of type [com.bootdo.system.shiro.UserRealm] is not eligible for getting processed by all BeanPostProcessors (for example: not eligible for auto-proxying)
2019-07-25 14:18:18 -Bean 'cacheManager2' of type [net.sf.ehcache.CacheManager] is not eligible for getting processed by all BeanPostProcessors (for example: not eligible for auto-proxying)
2019-07-25 14:18:18 -Bean 'ehCacheManager' of type [org.apache.shiro.cache.ehcache.EhCacheManager] is not eligible for getting processed by all BeanPostProcessors (for example: not eligible for auto-proxying)
2019-07-25 14:18:18 -Cache with name 'com.bootdo.system.shiro.UserRealm.authorizationCache' does not yet exist.  Creating now.
2019-07-25 14:18:18 -Added EhCache named [com.bootdo.system.shiro.UserRealm.authorizationCache]
2019-07-25 14:18:18 -Bean 'sessionDAO' of type [org.apache.shiro.session.mgt.eis.MemorySessionDAO] is not eligible for getting processed by all BeanPostProcessors (for example: not eligible for auto-proxying)
2019-07-25 14:18:18 -Bean 'sessionManager' of type [org.apache.shiro.web.session.mgt.DefaultWebSessionManager] is not eligible for getting processed by all BeanPostProcessors (for example: not eligible for auto-proxying)
2019-07-25 14:18:18 -Bean 'securityManager' of type [org.apache.shiro.web.mgt.DefaultWebSecurityManager] is not eligible for getting processed by all BeanPostProcessors (for example: not eligible for auto-proxying)
2019-07-25 14:18:18 -Bean 'authorizationAttributeSourceAdvisor' of type [org.apache.shiro.spring.security.interceptor.AuthorizationAttributeSourceAdvisor] is not eligible for getting processed by all BeanPostProcessors (for example: not eligible for auto-proxying)
2019-07-25 14:18:19 -Tomcat initialized with port(s): 8889 (http)
2019-07-25 14:18:19 -Initializing ProtocolHandler ["http-nio-8889"]
2019-07-25 14:18:19 -Starting service [Tomcat]
2019-07-25 14:18:19 -Starting Servlet Engine: Apache Tomcat/8.5.31
2019-07-25 14:18:19 -Loaded APR based Apache Tomcat Native library [1.2.19] using APR version [1.6.5].
2019-07-25 14:18:19 -APR capabilities: IPv6 [true], sendfile [true], accept filters [false], random [true].
2019-07-25 14:18:19 -APR/OpenSSL configuration: useAprConnector [false], useOpenSSL [true]
2019-07-25 14:18:19 -OpenSSL successfully initialized [OpenSSL 1.1.1a  20 Nov 2018]
2019-07-25 14:18:19 -Initializing Spring embedded WebApplicationContext
2019-07-25 14:18:19 -Root WebApplicationContext: initialization completed in 4554 ms
2019-07-25 14:18:20 -Mapping filter: 'characterEncodingFilter' to: [/*]
2019-07-25 14:18:20 -Mapping filter: 'hiddenHttpMethodFilter' to: [/*]
2019-07-25 14:18:20 -Mapping filter: 'httpPutFormContentFilter' to: [/*]
2019-07-25 14:18:20 -Mapping filter: 'requestContextFilter' to: [/*]
2019-07-25 14:18:20 -Filter xssFilter was not registered (disabled)
2019-07-25 14:18:20 -Mapping filter: 'webStatFilter' to urls: [/*]
2019-07-25 14:18:20 -Mapping filter: 'shiroFilterFactoryBean' to: [/*]
2019-07-25 14:18:20 -Servlet statViewServlet mapped to [/druid/*]
2019-07-25 14:18:20 -Servlet dispatcherServlet mapped to [/]
2019-07-25 14:18:20 -{dataSource-1} inited
2019-07-25 14:18:22 -ProcessEngine default created
2019-07-25 14:18:22 -ApplicationContext registed-->org.springframework.boot.web.servlet.context.AnnotationConfigServletWebServerApplicationContext@437da279: startup date [Thu Jul 25 14:18:15 CST 2019]; root of context hierarchy
2019-07-25 14:18:22 -Using default implementation for ThreadExecutor
2019-07-25 14:18:22 -Initialized Scheduler Signaller of type: class org.quartz.core.SchedulerSignalerImpl
2019-07-25 14:18:22 -Quartz Scheduler v.2.2.1 created.
2019-07-25 14:18:22 -RAMJobStore initialized.
2019-07-25 14:18:22 -Scheduler meta-data: Quartz Scheduler (v2.2.1) 'schedulerFactoryBean' with instanceId 'NON_CLUSTERED'
  Scheduler class: 'org.quartz.core.QuartzScheduler' - running locally.
  NOT STARTED.
  Currently in standby mode.
  Number of jobs executed: 0
  Using thread pool 'org.quartz.simpl.SimpleThreadPool' - with 10 threads.
  Using job-store 'org.quartz.simpl.RAMJobStore' - which does not support persistence. and is not clustered.

2019-07-25 14:18:22 -Quartz scheduler 'schedulerFactoryBean' initialized from an externally provided properties instance.
2019-07-25 14:18:22 -Quartz scheduler version: 2.2.1
2019-07-25 14:18:22 -JobFactory set to: com.bootdo.common.quartz.factory.JobFactory@6598caab
2019-07-25 14:18:22 -Initializing ExecutorService  'clientInboundChannelExecutor'
2019-07-25 14:18:22 -Initializing ExecutorService  'clientOutboundChannelExecutor'
2019-07-25 14:18:23 -Mapped "{[/activiti/model/{id}],methods=[DELETE]}" onto public com.bootdo.common.utils.R com.bootdo.activiti.controller.ModelController.remove(java.lang.String)
2019-07-25 14:18:23 -Mapped "{[/activiti/model/list],methods=[GET]}" onto com.bootdo.common.utils.PageUtils com.bootdo.activiti.controller.ModelController.list(int,int)
2019-07-25 14:18:23 -Mapped "{[/activiti/model/batchRemove],methods=[POST]}" onto public com.bootdo.common.utils.R com.bootdo.activiti.controller.ModelController.batchRemove(java.lang.String[])
2019-07-25 14:18:23 -Mapped "{[/activiti/model],methods=[GET]}" onto org.springframework.web.servlet.ModelAndView com.bootdo.activiti.controller.ModelController.model()
2019-07-25 14:18:23 -Mapped "{[/activiti/model/edit/{id}],methods=[GET]}" onto public void com.bootdo.activiti.controller.ModelController.edit(javax.servlet.http.HttpServletResponse,java.lang.String)
2019-07-25 14:18:23 -Mapped "{[/activiti/editor/stencilset],methods=[GET],produces=[application/json;charset=utf-8]}" onto public java.lang.String com.bootdo.activiti.controller.ModelController.getStencilset()
2019-07-25 14:18:23 -Mapped "{[/activiti/model/add]}" onto public void com.bootdo.activiti.controller.ModelController.newModel(javax.servlet.http.HttpServletResponse) throws java.io.UnsupportedEncodingException
2019-07-25 14:18:23 -Mapped "{[/activiti/model/{modelId}/save],methods=[PUT]}" onto public void com.bootdo.activiti.controller.ModelController.saveModel(java.lang.String,java.lang.String,java.lang.String,java.lang.String,java.lang.String)
2019-07-25 14:18:23 -Mapped "{[/activiti/model/export/{id}],methods=[GET]}" onto public void com.bootdo.activiti.controller.ModelController.exportToXml(java.lang.String,javax.servlet.http.HttpServletResponse)
2019-07-25 14:18:23 -Mapped "{[/activiti/model/{modelId}/json],methods=[GET]}" onto public com.fasterxml.jackson.databind.node.ObjectNode com.bootdo.activiti.controller.ModelController.getEditorJson(java.lang.String)
2019-07-25 14:18:23 -Mapped "{[/activiti/model/deploy/{id}],methods=[POST]}" onto public com.bootdo.common.utils.R com.bootdo.activiti.controller.ModelController.deploy(java.lang.String) throws java.lang.Exception
2019-07-25 14:18:23 -Mapped "{[/activiti/process/add],methods=[GET]}" onto public org.springframework.web.servlet.ModelAndView com.bootdo.activiti.controller.ProcessController.add()
2019-07-25 14:18:23 -Mapped "{[/activiti/process/remove],methods=[POST]}" onto public com.bootdo.common.utils.R com.bootdo.activiti.controller.ProcessController.remove(java.lang.String)
2019-07-25 14:18:23 -Mapped "{[/activiti/process/list],methods=[GET]}" onto com.bootdo.common.utils.PageUtils com.bootdo.activiti.controller.ProcessController.list(int,int)
2019-07-25 14:18:23 -Mapped "{[/activiti/process/batchRemove],methods=[POST]}" onto public com.bootdo.common.utils.R com.bootdo.activiti.controller.ProcessController.batchRemove(java.lang.String[])
2019-07-25 14:18:23 -Mapped "{[/activiti/process],methods=[GET]}" onto org.springframework.web.servlet.ModelAndView com.bootdo.activiti.controller.ProcessController.process()
2019-07-25 14:18:23 -Mapped "{[/activiti/process/save],methods=[POST]}" onto public com.bootdo.common.utils.R com.bootdo.activiti.controller.ProcessController.deploy(java.lang.String,java.lang.String,org.springframework.web.multipart.MultipartFile)
2019-07-25 14:18:23 -Mapped "{[/activiti/process/resource/read/{xml}/{id}]}" onto public void com.bootdo.activiti.controller.ProcessController.resourceRead(java.lang.String,java.lang.String,javax.servlet.http.HttpServletResponse) throws java.lang.Exception
2019-07-25 14:18:23 -Mapped "{[/activiti/process/convertToModel/{procDefId}]}" onto public com.bootdo.common.utils.R com.bootdo.activiti.controller.ProcessController.convertToModel(java.lang.String,org.springframework.web.servlet.mvc.support.RedirectAttributes) throws java.io.UnsupportedEncodingException,javax.xml.stream.XMLStreamException
2019-07-25 14:18:23 -Mapped "{[/act/salary/form],methods=[GET]}" onto java.lang.String com.bootdo.activiti.controller.SalaryController.add()
2019-07-25 14:18:23 -Mapped "{[/act/salary/remove],methods=[POST]}" onto public com.bootdo.common.utils.R com.bootdo.activiti.controller.SalaryController.remove(java.lang.String)
2019-07-25 14:18:23 -Mapped "{[/act/salary/batchRemove],methods=[POST]}" onto public com.bootdo.common.utils.R com.bootdo.activiti.controller.SalaryController.remove(java.lang.String[])
2019-07-25 14:18:23 -Mapped "{[/act/salary/update]}" onto public com.bootdo.common.utils.R com.bootdo.activiti.controller.SalaryController.update(com.bootdo.activiti.domain.SalaryDO)
2019-07-25 14:18:23 -Mapped "{[/act/salary/list],methods=[GET]}" onto public com.bootdo.common.utils.PageUtils com.bootdo.activiti.controller.SalaryController.list(java.util.Map<java.lang.String, java.lang.Object>)
2019-07-25 14:18:23 -Mapped "{[/act/salary/form/{taskId}],methods=[GET]}" onto java.lang.String com.bootdo.activiti.controller.SalaryController.edit(java.lang.String,org.springframework.ui.Model)
2019-07-25 14:18:23 -Mapped "{[/act/salary],methods=[GET]}" onto java.lang.String com.bootdo.activiti.controller.SalaryController.Salary()
2019-07-25 14:18:23 -Mapped "{[/act/salary/save],methods=[POST]}" onto public com.bootdo.common.utils.R com.bootdo.activiti.controller.SalaryController.saveOrUpdate(com.bootdo.activiti.domain.SalaryDO)
2019-07-25 14:18:23 -Mapped "{[/activiti/task/form/{procDefId}/{taskId}],methods=[GET]}" onto public void com.bootdo.activiti.controller.TaskController.form(java.lang.String,java.lang.String,javax.servlet.http.HttpServletResponse) throws java.io.IOException
2019-07-25 14:18:23 -Mapped "{[/activiti/task/gotoList],methods=[GET]}" onto com.bootdo.common.utils.PageUtils com.bootdo.activiti.controller.TaskController.list(int,int)
2019-07-25 14:18:23 -Mapped "{[/activiti/task/goto],methods=[GET]}" onto public org.springframework.web.servlet.ModelAndView com.bootdo.activiti.controller.TaskController.gotoTask()
2019-07-25 14:18:23 -Mapped "{[/activiti/task/todo],methods=[GET]}" onto org.springframework.web.servlet.ModelAndView com.bootdo.activiti.controller.TaskController.todo()
2019-07-25 14:18:23 -Mapped "{[/activiti/task/trace/photo/{procDefId}/{execId}]}" onto public void com.bootdo.activiti.controller.TaskController.tracePhoto(java.lang.String,java.lang.String,javax.servlet.http.HttpServletResponse) throws java.lang.Exception
2019-07-25 14:18:23 -Mapped "{[/activiti/task/todoList],methods=[GET]}" onto java.util.List<com.bootdo.activiti.vo.TaskVO> com.bootdo.activiti.controller.TaskController.todoList()
2019-07-25 14:18:23 -Mapped "{[/activiti/task/form/{procDefId}],methods=[GET]}" onto public void com.bootdo.activiti.controller.TaskController.startForm(java.lang.String,javax.servlet.http.HttpServletResponse) throws java.io.IOException
2019-07-25 14:18:23 -Mapped "{[/blog/open/post/{cid}],methods=[GET]}" onto java.lang.String com.bootdo.blog.controller.BlogController.post(java.lang.Long,org.springframework.ui.Model)
2019-07-25 14:18:23 -Mapped "{[/blog],methods=[GET]}" onto java.lang.String com.bootdo.blog.controller.BlogController.blog()
2019-07-25 14:18:23 -Mapped "{[/blog/open/list],methods=[GET]}" onto public com.bootdo.common.utils.PageUtils com.bootdo.blog.controller.BlogController.opentList(java.util.Map<java.lang.String, java.lang.Object>)
2019-07-25 14:18:23 -Mapped "{[/blog/open/page/{categories}],methods=[GET]}" onto java.lang.String com.bootdo.blog.controller.BlogController.about(java.lang.String,org.springframework.ui.Model)
2019-07-25 14:18:23 -Mapped "{[/blog/bContent/add],methods=[GET]}" onto java.lang.String com.bootdo.blog.controller.ContentController.add()
2019-07-25 14:18:23 -Mapped "{[/blog/bContent/remove],methods=[POST]}" onto public com.bootdo.common.utils.R com.bootdo.blog.controller.ContentController.remove(java.lang.Long)
2019-07-25 14:18:23 -Mapped "{[/blog/bContent/batchRemove],methods=[POST]}" onto public com.bootdo.common.utils.R com.bootdo.blog.controller.ContentController.remove(java.lang.Long[])
2019-07-25 14:18:23 -Mapped "{[/blog/bContent/update]}" onto public com.bootdo.common.utils.R com.bootdo.blog.controller.ContentController.update(com.bootdo.blog.domain.ContentDO)
2019-07-25 14:18:23 -Mapped "{[/blog/bContent/list],methods=[GET]}" onto public com.bootdo.common.utils.PageUtils com.bootdo.blog.controller.ContentController.list(java.util.Map<java.lang.String, java.lang.Object>)
2019-07-25 14:18:23 -Mapped "{[/blog/bContent/save],methods=[POST]}" onto public com.bootdo.common.utils.R com.bootdo.blog.controller.ContentController.save(com.bootdo.blog.domain.ContentDO)
2019-07-25 14:18:23 -Mapped "{[/blog/bContent],methods=[GET]}" onto java.lang.String com.bootdo.blog.controller.ContentController.bContent()
2019-07-25 14:18:23 -Mapped "{[/blog/bContent/edit/{cid}],methods=[GET]}" onto java.lang.String com.bootdo.blog.controller.ContentController.edit(java.lang.Long,org.springframework.ui.Model)
2019-07-25 14:18:23 -Mapped "{[/common/dict/add],methods=[GET]}" onto java.lang.String com.bootdo.common.controller.DictController.add()
2019-07-25 14:18:23 -Mapped "{[/common/dict/remove],methods=[POST]}" onto public com.bootdo.common.utils.R com.bootdo.common.controller.DictController.remove(java.lang.Long)
2019-07-25 14:18:23 -Mapped "{[/common/dict/batchRemove],methods=[POST]}" onto public com.bootdo.common.utils.R com.bootdo.common.controller.DictController.remove(java.lang.Long[])
2019-07-25 14:18:23 -Mapped "{[/common/dict/update]}" onto public com.bootdo.common.utils.R com.bootdo.common.controller.DictController.update(com.bootdo.common.domain.DictDO)
2019-07-25 14:18:23 -Mapped "{[/common/dict/list],methods=[GET]}" onto public com.bootdo.common.utils.PageUtils com.bootdo.common.controller.DictController.list(java.util.Map<java.lang.String, java.lang.Object>)
2019-07-25 14:18:23 -Mapped "{[/common/dict/save],methods=[POST]}" onto public com.bootdo.common.utils.R com.bootdo.common.controller.DictController.save(com.bootdo.common.domain.DictDO)
2019-07-25 14:18:23 -Mapped "{[/common/dict/type],methods=[GET]}" onto public java.util.List<com.bootdo.common.domain.DictDO> com.bootdo.common.controller.DictController.listType()
2019-07-25 14:18:23 -Mapped "{[/common/dict/edit/{id}],methods=[GET]}" onto java.lang.String com.bootdo.common.controller.DictController.edit(java.lang.Long,org.springframework.ui.Model)
2019-07-25 14:18:23 -Mapped "{[/common/dict/list/{type}],methods=[GET]}" onto public java.util.List<com.bootdo.common.domain.DictDO> com.bootdo.common.controller.DictController.listByType(java.lang.String)
2019-07-25 14:18:23 -Mapped "{[/common/dict],methods=[GET]}" onto java.lang.String com.bootdo.common.controller.DictController.dict()
2019-07-25 14:18:23 -Mapped "{[/common/dict/add/{type}/{description}],methods=[GET]}" onto java.lang.String com.bootdo.common.controller.DictController.addD(org.springframework.ui.Model,java.lang.String,java.lang.String)
2019-07-25 14:18:23 -Mapped "{[/common/sysFile/add],methods=[GET]}" onto java.lang.String com.bootdo.common.controller.FileController.add()
2019-07-25 14:18:23 -Mapped "{[/common/sysFile/remove],methods=[POST]}" onto public com.bootdo.common.utils.R com.bootdo.common.controller.FileController.remove(java.lang.Long,javax.servlet.http.HttpServletRequest)
2019-07-25 14:18:23 -Mapped "{[/common/sysFile/batchRemove],methods=[POST]}" onto public com.bootdo.common.utils.R com.bootdo.common.controller.FileController.remove(java.lang.Long[])
2019-07-25 14:18:23 -Mapped "{[/common/sysFile/update]}" onto public com.bootdo.common.utils.R com.bootdo.common.controller.FileController.update(com.bootdo.common.domain.FileDO)
2019-07-25 14:18:23 -Mapped "{[/common/sysFile/list],methods=[GET]}" onto public com.bootdo.common.utils.PageUtils com.bootdo.common.controller.FileController.list(java.util.Map<java.lang.String, java.lang.Object>)
2019-07-25 14:18:23 -Mapped "{[/common/sysFile/save],methods=[POST]}" onto public com.bootdo.common.utils.R com.bootdo.common.controller.FileController.save(com.bootdo.common.domain.FileDO)
2019-07-25 14:18:23 -Mapped "{[/common/sysFile/info/{id}]}" onto public com.bootdo.common.utils.R com.bootdo.common.controller.FileController.info(java.lang.Long)
2019-07-25 14:18:23 -Mapped "{[/common/sysFile/edit],methods=[GET]}" onto java.lang.String com.bootdo.common.controller.FileController.edit(java.lang.Long,org.springframework.ui.Model)
2019-07-25 14:18:23 -Mapped "{[/common/sysFile],methods=[GET]}" onto java.lang.String com.bootdo.common.controller.FileController.sysFile(org.springframework.ui.Model)
2019-07-25 14:18:23 -Mapped "{[/common/sysFile/upload],methods=[POST]}" onto com.bootdo.common.utils.R com.bootdo.common.controller.FileController.upload(org.springframework.web.multipart.MultipartFile,javax.servlet.http.HttpServletRequest)
2019-07-25 14:18:23 -Mapped "{[/common/generator/update],methods=[POST]}" onto com.bootdo.common.utils.R com.bootdo.common.controller.GeneratorController.update(java.util.Map<java.lang.String, java.lang.Object>)
2019-07-25 14:18:23 -Mapped "{[/common/generator/list],methods=[GET]}" onto java.util.List<java.util.Map<java.lang.String, java.lang.Object>> com.bootdo.common.controller.GeneratorController.list()
2019-07-25 14:18:23 -Mapped "{[/common/generator/code/{tableName}]}" onto public void com.bootdo.common.controller.GeneratorController.code(javax.servlet.http.HttpServletRequest,javax.servlet.http.HttpServletResponse,java.lang.String) throws java.io.IOException
2019-07-25 14:18:23 -Mapped "{[/common/generator],methods=[GET]}" onto java.lang.String com.bootdo.common.controller.GeneratorController.generator()
2019-07-25 14:18:23 -Mapped "{[/common/generator/edit],methods=[GET]}" onto public java.lang.String com.bootdo.common.controller.GeneratorController.edit(org.springframework.ui.Model)
2019-07-25 14:18:23 -Mapped "{[/common/generator/batchCode]}" onto public void com.bootdo.common.controller.GeneratorController.batchCode(javax.servlet.http.HttpServletRequest,javax.servlet.http.HttpServletResponse,java.lang.String) throws java.io.IOException
2019-07-25 14:18:23 -Mapped "{[/common/job/add],methods=[GET]}" onto java.lang.String com.bootdo.common.controller.JobController.add()
2019-07-25 14:18:23 -Mapped "{[/common/job/remove],methods=[POST]}" onto public com.bootdo.common.utils.R com.bootdo.common.controller.JobController.remove(java.lang.Long)
2019-07-25 14:18:23 -Mapped "{[/common/job/batchRemove],methods=[POST]}" onto public com.bootdo.common.utils.R com.bootdo.common.controller.JobController.remove(java.lang.Long[])
2019-07-25 14:18:23 -Mapped "{[/common/job/update],methods=[POST]}" onto public com.bootdo.common.utils.R com.bootdo.common.controller.JobController.update(com.bootdo.common.domain.TaskDO)
2019-07-25 14:18:23 -Mapped "{[/common/job/list],methods=[GET]}" onto public com.bootdo.common.utils.PageUtils com.bootdo.common.controller.JobController.list(java.util.Map<java.lang.String, java.lang.Object>)
2019-07-25 14:18:23 -Mapped "{[/common/job/save],methods=[POST]}" onto public com.bootdo.common.utils.R com.bootdo.common.controller.JobController.save(com.bootdo.common.domain.TaskDO)
2019-07-25 14:18:23 -Mapped "{[/common/job/info/{id}]}" onto public com.bootdo.common.utils.R com.bootdo.common.controller.JobController.info(java.lang.Long)
2019-07-25 14:18:23 -Mapped "{[/common/job/edit/{id}],methods=[GET]}" onto java.lang.String com.bootdo.common.controller.JobController.edit(java.lang.Long,org.springframework.ui.Model)
2019-07-25 14:18:23 -Mapped "{[/common/job/changeJobStatus],methods=[POST]}" onto public com.bootdo.common.utils.R com.bootdo.common.controller.JobController.changeJobStatus(java.lang.Long,java.lang.String)
2019-07-25 14:18:23 -Mapped "{[/common/job],methods=[GET]}" onto java.lang.String com.bootdo.common.controller.JobController.taskScheduleJob()
2019-07-25 14:18:23 -Mapped "{[/common/log/remove],methods=[POST]}" onto com.bootdo.common.utils.R com.bootdo.common.controller.LogController.remove(java.lang.Long)
2019-07-25 14:18:23 -Mapped "{[/common/log],methods=[GET]}" onto java.lang.String com.bootdo.common.controller.LogController.log()
2019-07-25 14:18:23 -Mapped "{[/common/log/list],methods=[GET]}" onto com.bootdo.common.domain.PageDO<com.bootdo.common.domain.LogDO> com.bootdo.common.controller.LogController.list(java.util.Map<java.lang.String, java.lang.Object>)
2019-07-25 14:18:23 -Mapped "{[/common/log/batchRemove],methods=[POST]}" onto com.bootdo.common.utils.R com.bootdo.common.controller.LogController.batchRemove(java.lang.Long[])
2019-07-25 14:18:23 -Mapped "{[/error]}" onto public com.bootdo.common.utils.R com.bootdo.common.exception.MainsiteErrorController.handleError(javax.servlet.http.HttpServletRequest,javax.servlet.http.HttpServletResponse)
2019-07-25 14:18:23 -Mapped "{[/error],produces=[text/html]}" onto public org.springframework.web.servlet.ModelAndView com.bootdo.common.exception.MainsiteErrorController.errorHtml(javax.servlet.http.HttpServletRequest,javax.servlet.http.HttpServletResponse)
2019-07-25 14:18:23 -Mapped "{[/oa/notify/add],methods=[GET]}" onto java.lang.String com.bootdo.oa.controller.NotifyController.add()
2019-07-25 14:18:23 -Mapped "{[/oa/notify/remove],methods=[POST]}" onto public com.bootdo.common.utils.R com.bootdo.oa.controller.NotifyController.remove(java.lang.Long)
2019-07-25 14:18:23 -Mapped "{[/oa/notify/batchRemove],methods=[POST]}" onto public com.bootdo.common.utils.R com.bootdo.oa.controller.NotifyController.remove(java.lang.Long[])
2019-07-25 14:18:23 -Mapped "{[/oa/notify/update]}" onto public com.bootdo.common.utils.R com.bootdo.oa.controller.NotifyController.update(com.bootdo.oa.domain.NotifyDO)
2019-07-25 14:18:23 -Mapped "{[/oa/notify/read/{id}],methods=[GET]}" onto java.lang.String com.bootdo.oa.controller.NotifyController.read(java.lang.Long,org.springframework.ui.Model)
2019-07-25 14:18:23 -Mapped "{[/oa/notify/list],methods=[GET]}" onto public com.bootdo.common.utils.PageUtils com.bootdo.oa.controller.NotifyController.list(java.util.Map<java.lang.String, java.lang.Object>)
2019-07-25 14:18:23 -Mapped "{[/oa/notify/save],methods=[POST]}" onto public com.bootdo.common.utils.R com.bootdo.oa.controller.NotifyController.save(com.bootdo.oa.domain.NotifyDO)
2019-07-25 14:18:23 -Mapped "{[/oa/notify/message],methods=[GET]}" onto com.bootdo.common.utils.PageUtils com.bootdo.oa.controller.NotifyController.message()
2019-07-25 14:18:23 -Mapped "{[/oa/notify/edit/{id}],methods=[GET]}" onto java.lang.String com.bootdo.oa.controller.NotifyController.edit(java.lang.Long,org.springframework.ui.Model)
2019-07-25 14:18:23 -Mapped "{[/oa/notify/selfNotify],methods=[GET]}" onto java.lang.String com.bootdo.oa.controller.NotifyController.selefNotify()
2019-07-25 14:18:23 -Mapped "{[/oa/notify/selfList],methods=[GET]}" onto com.bootdo.common.utils.PageUtils com.bootdo.oa.controller.NotifyController.selfList(java.util.Map<java.lang.String, java.lang.Object>)
2019-07-25 14:18:23 -Mapped "{[/oa/notify],methods=[GET]}" onto java.lang.String com.bootdo.oa.controller.NotifyController.oaNotify()
2019-07-25 14:18:23 -Mapped "{[/qrcode/qrcode/add],methods=[GET]}" onto java.lang.String com.bootdo.qrcode.controller.QrcodeController.add()
2019-07-25 14:18:23 -Mapped "{[/qrcode/qrcode/remove],methods=[POST]}" onto public com.bootdo.common.utils.R com.bootdo.qrcode.controller.QrcodeController.remove(java.lang.Integer)
2019-07-25 14:18:23 -Mapped "{[/qrcode/qrcode/batchRemove],methods=[POST]}" onto public com.bootdo.common.utils.R com.bootdo.qrcode.controller.QrcodeController.remove(java.lang.Integer[])
2019-07-25 14:18:23 -Mapped "{[/qrcode/qrcode/update]}" onto public com.bootdo.common.utils.R com.bootdo.qrcode.controller.QrcodeController.update(com.bootdo.qrcode.domain.QrcodeDO)
2019-07-25 14:18:23 -Mapped "{[/qrcode/qrcode/list],methods=[GET]}" onto public com.bootdo.common.utils.PageUtils com.bootdo.qrcode.controller.QrcodeController.list(java.util.Map<java.lang.String, java.lang.Object>)
2019-07-25 14:18:23 -Mapped "{[/qrcode/qrcode/save],methods=[POST]}" onto public com.bootdo.common.utils.R com.bootdo.qrcode.controller.QrcodeController.save(com.bootdo.qrcode.domain.QrcodeDO)
2019-07-25 14:18:23 -Mapped "{[/qrcode/qrcode/getResult],methods=[POST]}" onto public com.bootdo.common.utils.R com.bootdo.qrcode.controller.QrcodeController.getResult(com.bootdo.qrcode.domain.QrcodeDO,org.apache.catalina.servlet4preview.http.HttpServletRequest) throws java.lang.Exception
2019-07-25 14:18:23 -Mapped "{[/qrcode/qrcode/generate],methods=[POST]}" onto public com.bootdo.common.utils.R com.bootdo.qrcode.controller.QrcodeController.generate(com.bootdo.qrcode.domain.QrcodeDO)
2019-07-25 14:18:23 -Mapped "{[/qrcode/qrcode/edit/{id}],methods=[GET]}" onto java.lang.String com.bootdo.qrcode.controller.QrcodeController.edit(java.lang.Integer,org.springframework.ui.Model)
2019-07-25 14:18:23 -Mapped "{[/qrcode/qrcode],methods=[GET]}" onto java.lang.String com.bootdo.qrcode.controller.QrcodeController.Qrcode()
2019-07-25 14:18:23 -Mapped "{[/system/sysDept/add/{pId}],methods=[GET]}" onto java.lang.String com.bootdo.system.controller.DeptController.add(java.lang.Long,org.springframework.ui.Model)
2019-07-25 14:18:23 -Mapped "{[/system/sysDept/remove],methods=[POST]}" onto public com.bootdo.common.utils.R com.bootdo.system.controller.DeptController.remove(java.lang.Long)
2019-07-25 14:18:23 -Mapped "{[/system/sysDept/batchRemove],methods=[POST]}" onto public com.bootdo.common.utils.R com.bootdo.system.controller.DeptController.remove(java.lang.Long[])
2019-07-25 14:18:23 -Mapped "{[/system/sysDept/update]}" onto public com.bootdo.common.utils.R com.bootdo.system.controller.DeptController.update(com.bootdo.system.domain.DeptDO)
2019-07-25 14:18:23 -Mapped "{[/system/sysDept/list],methods=[GET]}" onto public java.util.List<com.bootdo.system.domain.DeptDO> com.bootdo.system.controller.DeptController.list()
2019-07-25 14:18:23 -Mapped "{[/system/sysDept/save],methods=[POST]}" onto public com.bootdo.common.utils.R com.bootdo.system.controller.DeptController.save(com.bootdo.system.domain.DeptDO)
2019-07-25 14:18:23 -Mapped "{[/system/sysDept/tree],methods=[GET]}" onto public com.bootdo.common.domain.Tree<com.bootdo.system.domain.DeptDO> com.bootdo.system.controller.DeptController.tree()
2019-07-25 14:18:23 -Mapped "{[/system/sysDept/edit/{deptId}],methods=[GET]}" onto java.lang.String com.bootdo.system.controller.DeptController.edit(java.lang.Long,org.springframework.ui.Model)
2019-07-25 14:18:23 -Mapped "{[/system/sysDept],methods=[GET]}" onto java.lang.String com.bootdo.system.controller.DeptController.dept()
2019-07-25 14:18:23 -Mapped "{[/system/sysDept/treeView],methods=[GET]}" onto java.lang.String com.bootdo.system.controller.DeptController.treeView()
2019-07-25 14:18:23 -Mapped "{[/index],methods=[GET]}" onto java.lang.String com.bootdo.system.controller.LoginController.index(org.springframework.ui.Model)
2019-07-25 14:18:23 -Mapped "{[/main],methods=[GET]}" onto java.lang.String com.bootdo.system.controller.LoginController.main()
2019-07-25 14:18:23 -Mapped "{[/login],methods=[GET]}" onto java.lang.String com.bootdo.system.controller.LoginController.login(org.springframework.ui.Model)
2019-07-25 14:18:23 -Mapped "{[/logout],methods=[GET]}" onto java.lang.String com.bootdo.system.controller.LoginController.logout()
2019-07-25 14:18:23 -Mapped "{[/login],methods=[POST]}" onto com.bootdo.common.utils.R com.bootdo.system.controller.LoginController.ajaxLogin(java.lang.String,java.lang.String,java.lang.String,javax.servlet.http.HttpServletRequest)
2019-07-25 14:18:23 -Mapped "{[/getVerify],methods=[GET]}" onto public void com.bootdo.system.controller.LoginController.getVerify(javax.servlet.http.HttpServletRequest,javax.servlet.http.HttpServletResponse)
2019-07-25 14:18:23 -Mapped "{[/ || ],methods=[GET]}" onto java.lang.String com.bootdo.system.controller.LoginController.welcome(org.springframework.ui.Model)
2019-07-25 14:18:23 -Mapped "{[/sys/menu/add/{pId}],methods=[GET]}" onto java.lang.String com.bootdo.system.controller.MenuController.add(org.springframework.ui.Model,java.lang.Long)
2019-07-25 14:18:23 -Mapped "{[/sys/menu/remove],methods=[POST]}" onto com.bootdo.common.utils.R com.bootdo.system.controller.MenuController.remove(java.lang.Long)
2019-07-25 14:18:23 -Mapped "{[/sys/menu/update],methods=[POST]}" onto com.bootdo.common.utils.R com.bootdo.system.controller.MenuController.update(com.bootdo.system.domain.MenuDO)
2019-07-25 14:18:23 -Mapped "{[/sys/menu/list]}" onto java.util.List<com.bootdo.system.domain.MenuDO> com.bootdo.system.controller.MenuController.list(java.util.Map<java.lang.String, java.lang.Object>)
2019-07-25 14:18:23 -Mapped "{[/sys/menu/save],methods=[POST]}" onto com.bootdo.common.utils.R com.bootdo.system.controller.MenuController.save(com.bootdo.system.domain.MenuDO)
2019-07-25 14:18:23 -Mapped "{[/sys/menu/tree/{roleId}],methods=[GET]}" onto com.bootdo.common.domain.Tree<com.bootdo.system.domain.MenuDO> com.bootdo.system.controller.MenuController.tree(java.lang.Long)
2019-07-25 14:18:23 -Mapped "{[/sys/menu/tree],methods=[GET]}" onto com.bootdo.common.domain.Tree<com.bootdo.system.domain.MenuDO> com.bootdo.system.controller.MenuController.tree()
2019-07-25 14:18:23 -Mapped "{[/sys/menu/edit/{id}],methods=[GET]}" onto java.lang.String com.bootdo.system.controller.MenuController.edit(org.springframework.ui.Model,java.lang.Long)
2019-07-25 14:18:23 -Mapped "{[/sys/menu],methods=[GET]}" onto java.lang.String com.bootdo.system.controller.MenuController.menu(org.springframework.ui.Model)
2019-07-25 14:18:23 -Mapped "{[/sys/role/add],methods=[GET]}" onto java.lang.String com.bootdo.system.controller.RoleController.add()
2019-07-25 14:18:23 -Mapped "{[/sys/role/update],methods=[POST]}" onto com.bootdo.common.utils.R com.bootdo.system.controller.RoleController.update(com.bootdo.system.domain.RoleDO)
2019-07-25 14:18:23 -Mapped "{[/sys/role/list],methods=[GET]}" onto java.util.List<com.bootdo.system.domain.RoleDO> com.bootdo.system.controller.RoleController.list()
2019-07-25 14:18:23 -Mapped "{[/sys/role/remove],methods=[POST]}" onto com.bootdo.common.utils.R com.bootdo.system.controller.RoleController.save(java.lang.Long)
2019-07-25 14:18:23 -Mapped "{[/sys/role/save],methods=[POST]}" onto com.bootdo.common.utils.R com.bootdo.system.controller.RoleController.save(com.bootdo.system.domain.RoleDO)
2019-07-25 14:18:23 -Mapped "{[/sys/role/batchRemove],methods=[POST]}" onto com.bootdo.common.utils.R com.bootdo.system.controller.RoleController.batchRemove(java.lang.Long[])
2019-07-25 14:18:23 -Mapped "{[/sys/role],methods=[GET]}" onto java.lang.String com.bootdo.system.controller.RoleController.role()
2019-07-25 14:18:23 -Mapped "{[/sys/role/edit/{id}],methods=[GET]}" onto java.lang.String com.bootdo.system.controller.RoleController.edit(java.lang.Long,org.springframework.ui.Model)
2019-07-25 14:18:23 -Mapped "{[/sys/online/list]}" onto public java.util.List<com.bootdo.system.domain.UserOnline> com.bootdo.system.controller.SessionController.list()
2019-07-25 14:18:23 -Mapped "{[/sys/online],methods=[GET]}" onto public java.lang.String com.bootdo.system.controller.SessionController.online()
2019-07-25 14:18:23 -Mapped "{[/sys/online/sessionList]}" onto public java.util.Collection<org.apache.shiro.session.Session> com.bootdo.system.controller.SessionController.sessionList()
2019-07-25 14:18:23 -Mapped "{[/sys/online/forceLogout/{sessionId}]}" onto public com.bootdo.common.utils.R com.bootdo.system.controller.SessionController.forceLogout(java.lang.String,org.springframework.web.servlet.mvc.support.RedirectAttributes)
2019-07-25 14:18:23 -Mapped "{[/sys/user/exit],methods=[POST]}" onto boolean com.bootdo.system.controller.UserController.exit(java.util.Map<java.lang.String, java.lang.Object>)
2019-07-25 14:18:23 -Mapped "{[/sys/user/add],methods=[GET]}" onto java.lang.String com.bootdo.system.controller.UserController.add(org.springframework.ui.Model)
2019-07-25 14:18:23 -Mapped "{[/sys/user/remove],methods=[POST]}" onto com.bootdo.common.utils.R com.bootdo.system.controller.UserController.remove(java.lang.Long)
2019-07-25 14:18:23 -Mapped "{[/sys/user/update],methods=[POST]}" onto com.bootdo.common.utils.R com.bootdo.system.controller.UserController.update(com.bootdo.system.domain.UserDO)
2019-07-25 14:18:23 -Mapped "{[/sys/user/list],methods=[GET]}" onto com.bootdo.common.utils.PageUtils com.bootdo.system.controller.UserController.list(java.util.Map<java.lang.String, java.lang.Object>)
2019-07-25 14:18:23 -Mapped "{[/sys/user/save],methods=[POST]}" onto com.bootdo.common.utils.R com.bootdo.system.controller.UserController.save(com.bootdo.system.domain.UserDO)
2019-07-25 14:18:23 -Mapped "{[/sys/user/batchRemove],methods=[POST]}" onto com.bootdo.common.utils.R com.bootdo.system.controller.UserController.batchRemove(java.lang.Long[])
2019-07-25 14:18:23 -Mapped "{[/sys/user/tree],methods=[GET]}" onto public com.bootdo.common.domain.Tree<com.bootdo.system.domain.DeptDO> com.bootdo.system.controller.UserController.tree()
2019-07-25 14:18:23 -Mapped "{[/sys/user],methods=[GET]}" onto java.lang.String com.bootdo.system.controller.UserController.user(org.springframework.ui.Model)
2019-07-25 14:18:23 -Mapped "{[/sys/user/edit/{id}],methods=[GET]}" onto java.lang.String com.bootdo.system.controller.UserController.edit(org.springframework.ui.Model,java.lang.Long)
2019-07-25 14:18:23 -Mapped "{[/sys/user/treeView],methods=[GET]}" onto java.lang.String com.bootdo.system.controller.UserController.treeView()
2019-07-25 14:18:23 -Mapped "{[/sys/user/personal],methods=[GET]}" onto java.lang.String com.bootdo.system.controller.UserController.personal(org.springframework.ui.Model)
2019-07-25 14:18:23 -Mapped "{[/sys/user/uploadImg],methods=[POST]}" onto com.bootdo.common.utils.R com.bootdo.system.controller.UserController.uploadImg(org.springframework.web.multipart.MultipartFile,java.lang.String,javax.servlet.http.HttpServletRequest)
2019-07-25 14:18:23 -Mapped "{[/sys/user/updatePeronal],methods=[POST]}" onto com.bootdo.common.utils.R com.bootdo.system.controller.UserController.updatePeronal(com.bootdo.system.domain.UserDO)
2019-07-25 14:18:23 -Mapped "{[/sys/user/resetPwd/{id}],methods=[GET]}" onto java.lang.String com.bootdo.system.controller.UserController.resetPwd(java.lang.Long,org.springframework.ui.Model)
2019-07-25 14:18:23 -Mapped "{[/sys/user/resetPwd],methods=[POST]}" onto com.bootdo.common.utils.R com.bootdo.system.controller.UserController.resetPwd(com.bootdo.system.vo.UserVO)
2019-07-25 14:18:23 -Mapped "{[/sys/user/adminResetPwd],methods=[POST]}" onto com.bootdo.common.utils.R com.bootdo.system.controller.UserController.adminResetPwd(com.bootdo.system.vo.UserVO)
2019-07-25 14:18:23 -Mapped "{[/v2/api-docs],methods=[GET],produces=[application/json || application/hal+json]}" onto public org.springframework.http.ResponseEntity<springfox.documentation.spring.web.json.Json> springfox.documentation.swagger2.web.Swagger2Controller.getDocumentation(java.lang.String,javax.servlet.http.HttpServletRequest)
2019-07-25 14:18:23 -Mapped "{[/swagger-resources/configuration/ui]}" onto org.springframework.http.ResponseEntity<springfox.documentation.swagger.web.UiConfiguration> springfox.documentation.swagger.web.ApiResourceController.uiConfiguration()
2019-07-25 14:18:23 -Mapped "{[/swagger-resources]}" onto org.springframework.http.ResponseEntity<java.util.List<springfox.documentation.swagger.web.SwaggerResource>> springfox.documentation.swagger.web.ApiResourceController.swaggerResources()
2019-07-25 14:18:23 -Mapped "{[/swagger-resources/configuration/security]}" onto org.springframework.http.ResponseEntity<springfox.documentation.swagger.web.SecurityConfiguration> springfox.documentation.swagger.web.ApiResourceController.securityConfiguration()
2019-07-25 14:18:24 -Initializing ExecutorService  'messageBrokerTaskScheduler'
2019-07-25 14:18:24 -Mapped URL path [/endpointChat/**] onto handler of type [class org.springframework.web.socket.sockjs.support.SockJsHttpRequestHandler]
2019-07-25 14:18:24 -Initializing ExecutorService  'brokerChannelExecutor'
2019-07-25 14:18:24 -Mapped URL path [/**/favicon.ico] onto handler of type [class org.springframework.web.servlet.resource.ResourceHttpRequestHandler]
2019-07-25 14:18:24 -Looking for @ControllerAdvice: org.springframework.boot.web.servlet.context.AnnotationConfigServletWebServerApplicationContext@437da279: startup date [Thu Jul 25 14:18:15 CST 2019]; root of context hierarchy
2019-07-25 14:18:24 -Mapped URL path [/webjars/**] onto handler of type [class org.springframework.web.servlet.resource.ResourceHttpRequestHandler]
2019-07-25 14:18:24 -Mapped URL path [/**] onto handler of type [class org.springframework.web.servlet.resource.ResourceHttpRequestHandler]
2019-07-25 14:18:24 -Mapped URL path [/files/**] onto handler of type [class org.springframework.web.servlet.resource.ResourceHttpRequestHandler]
2019-07-25 14:18:24 -Detected @ExceptionHandler methods in BDExceptionHandler
2019-07-25 14:18:24 -[THYMELEAF][main] Template Mode 'LEGACYHTML5' is deprecated. Using Template Mode 'HTML' instead.
2019-07-25 14:18:26 -Registering beans for JMX exposure on startup
2019-07-25 14:18:26 -Bean with name 'dataSource' has been autodetected for JMX exposure
2019-07-25 14:18:26 -Located MBean 'dataSource': registering with JMX server as MBean [com.alibaba.druid.pool:name=dataSource,type=DruidDataSource]
2019-07-25 14:18:26 -Starting beans in phase 2147483647
2019-07-25 14:18:26 -Context refreshed
2019-07-25 14:18:26 -Found 1 custom documentation plugin(s)
2019-07-25 14:18:26 -Scanning for api listing references
2019-07-25 14:18:26 -Generating unique operation named: removeUsingPOST_1
2019-07-25 14:18:26 -Generating unique operation named: addUsingGET_1
2019-07-25 14:18:26 -Generating unique operation named: editUsingGET_1
2019-07-25 14:18:26 -Generating unique operation named: listUsingGET_1
2019-07-25 14:18:26 -Generating unique operation named: removeUsingPOST_2
2019-07-25 14:18:26 -Generating unique operation named: removeUsingPOST_3
2019-07-25 14:18:26 -Generating unique operation named: saveUsingPOST_1
2019-07-25 14:18:26 -Generating unique operation named: updateUsingGET_1
2019-07-25 14:18:26 -Generating unique operation named: updateUsingHEAD_1
2019-07-25 14:18:26 -Generating unique operation named: updateUsingPOST_1
2019-07-25 14:18:26 -Generating unique operation named: updateUsingPUT_1
2019-07-25 14:18:26 -Generating unique operation named: updateUsingPATCH_1
2019-07-25 14:18:26 -Generating unique operation named: updateUsingDELETE_1
2019-07-25 14:18:26 -Generating unique operation named: updateUsingOPTIONS_1
2019-07-25 14:18:26 -Generating unique operation named: updateUsingTRACE_1
2019-07-25 14:18:26 -Generating unique operation named: addUsingGET_2
2019-07-25 14:18:26 -Generating unique operation named: editUsingGET_2
2019-07-25 14:18:26 -Generating unique operation named: listUsingGET_2
2019-07-25 14:18:26 -Generating unique operation named: removeUsingPOST_4
2019-07-25 14:18:26 -Generating unique operation named: removeUsingPOST_5
2019-07-25 14:18:26 -Generating unique operation named: saveUsingPOST_2
2019-07-25 14:18:26 -Generating unique operation named: updateUsingGET_2
2019-07-25 14:18:26 -Generating unique operation named: updateUsingHEAD_2
2019-07-25 14:18:26 -Generating unique operation named: updateUsingPOST_2
2019-07-25 14:18:26 -Generating unique operation named: updateUsingPUT_2
2019-07-25 14:18:26 -Generating unique operation named: updateUsingPATCH_2
2019-07-25 14:18:26 -Generating unique operation named: updateUsingDELETE_2
2019-07-25 14:18:26 -Generating unique operation named: updateUsingOPTIONS_2
2019-07-25 14:18:26 -Generating unique operation named: updateUsingTRACE_2
2019-07-25 14:18:26 -Generating unique operation named: addUsingGET_3
2019-07-25 14:18:26 -Generating unique operation named: editUsingGET_3
2019-07-25 14:18:26 -Generating unique operation named: listUsingGET_3
2019-07-25 14:18:26 -Generating unique operation named: removeUsingPOST_6
2019-07-25 14:18:26 -Generating unique operation named: removeUsingPOST_7
2019-07-25 14:18:26 -Generating unique operation named: saveUsingPOST_3
2019-07-25 14:18:26 -Generating unique operation named: updateUsingGET_3
2019-07-25 14:18:26 -Generating unique operation named: updateUsingHEAD_3
2019-07-25 14:18:26 -Generating unique operation named: updateUsingPOST_3
2019-07-25 14:18:26 -Generating unique operation named: updateUsingPUT_3
2019-07-25 14:18:26 -Generating unique operation named: updateUsingPATCH_3
2019-07-25 14:18:26 -Generating unique operation named: updateUsingDELETE_3
2019-07-25 14:18:26 -Generating unique operation named: updateUsingOPTIONS_3
2019-07-25 14:18:26 -Generating unique operation named: updateUsingTRACE_3
2019-07-25 14:18:26 -Generating unique operation named: editUsingGET_4
2019-07-25 14:18:26 -Generating unique operation named: listUsingGET_4
2019-07-25 14:18:26 -Generating unique operation named: updateUsingPOST_4
2019-07-25 14:18:26 -Generating unique operation named: addUsingGET_4
2019-07-25 14:18:26 -Generating unique operation named: editUsingGET_5
2019-07-25 14:18:26 -Generating unique operation named: infoUsingGET_1
2019-07-25 14:18:26 -Generating unique operation named: infoUsingHEAD_1
2019-07-25 14:18:26 -Generating unique operation named: infoUsingPOST_1
2019-07-25 14:18:26 -Generating unique operation named: infoUsingPUT_1
2019-07-25 14:18:26 -Generating unique operation named: infoUsingPATCH_1
2019-07-25 14:18:26 -Generating unique operation named: infoUsingDELETE_1
2019-07-25 14:18:26 -Generating unique operation named: infoUsingOPTIONS_1
2019-07-25 14:18:26 -Generating unique operation named: infoUsingTRACE_1
2019-07-25 14:18:26 -Generating unique operation named: listUsingGET_5
2019-07-25 14:18:26 -Generating unique operation named: removeUsingPOST_8
2019-07-25 14:18:26 -Generating unique operation named: removeUsingPOST_9
2019-07-25 14:18:26 -Generating unique operation named: saveUsingPOST_4
2019-07-25 14:18:26 -Generating unique operation named: updateUsingPOST_5
2019-07-25 14:18:26 -Generating unique operation named: listUsingGET_6
2019-07-25 14:18:26 -Generating unique operation named: removeUsingPOST_10
2019-07-25 14:18:26 -Generating unique operation named: welcomeUsingGET_1
2019-07-25 14:18:26 -Generating unique operation named: addUsingGET_5
2019-07-25 14:18:26 -Generating unique operation named: editUsingGET_6
2019-07-25 14:18:26 -Generating unique operation named: listUsingGET_7
2019-07-25 14:18:26 -Generating unique operation named: removeUsingPOST_11
2019-07-25 14:18:26 -Generating unique operation named: saveUsingPOST_5
2019-07-25 14:18:26 -Generating unique operation named: treeUsingGET_1
2019-07-25 14:18:26 -Generating unique operation named: treeUsingGET_2
2019-07-25 14:18:26 -Generating unique operation named: updateUsingPOST_6
2019-07-25 14:18:26 -Generating unique operation named: batchRemoveUsingPOST_1
2019-07-25 14:18:26 -Generating unique operation named: editUsingGET_7
2019-07-25 14:18:26 -Generating unique operation named: listUsingGET_8
2019-07-25 14:18:26 -Generating unique operation named: addUsingGET_6
2019-07-25 14:18:26 -Generating unique operation named: editUsingGET_8
2019-07-25 14:18:26 -Generating unique operation named: listUsingGET_9
2019-07-25 14:18:26 -Generating unique operation named: removeUsingPOST_12
2019-07-25 14:18:26 -Generating unique operation named: removeUsingPOST_13
2019-07-25 14:18:26 -Generating unique operation named: saveUsingPOST_6
2019-07-25 14:18:26 -Generating unique operation named: updateUsingGET_4
2019-07-25 14:18:26 -Generating unique operation named: updateUsingHEAD_4
2019-07-25 14:18:26 -Generating unique operation named: updateUsingPOST_7
2019-07-25 14:18:26 -Generating unique operation named: updateUsingPUT_4
2019-07-25 14:18:26 -Generating unique operation named: updateUsingPATCH_4
2019-07-25 14:18:27 -Generating unique operation named: updateUsingDELETE_4
2019-07-25 14:18:27 -Generating unique operation named: updateUsingOPTIONS_4
2019-07-25 14:18:27 -Generating unique operation named: updateUsingTRACE_4
2019-07-25 14:18:27 -Generating unique operation named: addUsingGET_7
2019-07-25 14:18:27 -Generating unique operation named: batchRemoveUsingPOST_2
2019-07-25 14:18:27 -Generating unique operation named: deployUsingPOST_1
2019-07-25 14:18:27 -Generating unique operation named: listUsingGET_10
2019-07-25 14:18:27 -Generating unique operation named: removeUsingPOST_14
2019-07-25 14:18:27 -Generating unique operation named: addUsingGET_8
2019-07-25 14:18:27 -Generating unique operation named: editUsingGET_9
2019-07-25 14:18:27 -Generating unique operation named: listUsingGET_11
2019-07-25 14:18:27 -Generating unique operation named: removeUsingPOST_15
2019-07-25 14:18:27 -Generating unique operation named: removeUsingPOST_16
2019-07-25 14:18:27 -Generating unique operation named: saveUsingPOST_7
2019-07-25 14:18:27 -Generating unique operation named: updateUsingGET_5
2019-07-25 14:18:27 -Generating unique operation named: updateUsingHEAD_5
2019-07-25 14:18:27 -Generating unique operation named: updateUsingPOST_8
2019-07-25 14:18:27 -Generating unique operation named: updateUsingPUT_5
2019-07-25 14:18:27 -Generating unique operation named: updateUsingPATCH_5
2019-07-25 14:18:27 -Generating unique operation named: updateUsingDELETE_5
2019-07-25 14:18:27 -Generating unique operation named: updateUsingOPTIONS_5
2019-07-25 14:18:27 -Generating unique operation named: updateUsingTRACE_5
2019-07-25 14:18:27 -Generating unique operation named: addUsingGET_9
2019-07-25 14:18:27 -Generating unique operation named: batchRemoveUsingPOST_3
2019-07-25 14:18:27 -Generating unique operation named: editUsingGET_10
2019-07-25 14:18:27 -Generating unique operation named: listUsingGET_12
2019-07-25 14:18:27 -Generating unique operation named: saveUsingPOST_8
2019-07-25 14:18:27 -Generating unique operation named: saveUsingPOST_9
2019-07-25 14:18:27 -Generating unique operation named: updateUsingPOST_9
2019-07-25 14:18:27 -Generating unique operation named: addUsingGET_10
2019-07-25 14:18:27 -Generating unique operation named: editUsingGET_11
2019-07-25 14:18:27 -Generating unique operation named: listUsingGET_13
2019-07-25 14:18:27 -Generating unique operation named: removeUsingPOST_17
2019-07-25 14:18:27 -Generating unique operation named: removeUsingPOST_18
2019-07-25 14:18:27 -Generating unique operation named: updateUsingGET_6
2019-07-25 14:18:27 -Generating unique operation named: updateUsingHEAD_6
2019-07-25 14:18:27 -Generating unique operation named: updateUsingPOST_10
2019-07-25 14:18:27 -Generating unique operation named: updateUsingPUT_6
2019-07-25 14:18:27 -Generating unique operation named: updateUsingPATCH_6
2019-07-25 14:18:27 -Generating unique operation named: updateUsingDELETE_6
2019-07-25 14:18:27 -Generating unique operation named: updateUsingOPTIONS_6
2019-07-25 14:18:27 -Generating unique operation named: updateUsingTRACE_6
2019-07-25 14:18:27 -Generating unique operation named: listUsingGET_14
2019-07-25 14:18:27 -Generating unique operation named: listUsingHEAD_1
2019-07-25 14:18:27 -Generating unique operation named: listUsingPOST_1
2019-07-25 14:18:27 -Generating unique operation named: listUsingPUT_1
2019-07-25 14:18:27 -Generating unique operation named: listUsingPATCH_1
2019-07-25 14:18:27 -Generating unique operation named: listUsingDELETE_1
2019-07-25 14:18:27 -Generating unique operation named: listUsingOPTIONS_1
2019-07-25 14:18:27 -Generating unique operation named: listUsingTRACE_1
2019-07-25 14:18:27 -Generating unique operation named: listUsingGET_15
2019-07-25 14:18:27 -Generating unique operation named: addUsingGET_11
2019-07-25 14:18:27 -Generating unique operation named: batchRemoveUsingPOST_4
2019-07-25 14:18:27 -Generating unique operation named: editUsingGET_12
2019-07-25 14:18:27 -Generating unique operation named: listUsingGET_16
2019-07-25 14:18:27 -Generating unique operation named: removeUsingPOST_19
2019-07-25 14:18:27 -Generating unique operation named: saveUsingPOST_10
2019-07-25 14:18:27 -Generating unique operation named: treeUsingGET_3
2019-07-25 14:18:27 -Generating unique operation named: treeViewUsingGET_1
2019-07-25 14:18:27 -Generating unique operation named: updateUsingPOST_11
2019-07-25 14:18:27 -Starting Quartz Scheduler now
2019-07-25 14:18:27 -Scheduler schedulerFactoryBean_$_NON_CLUSTERED started.
2019-07-25 14:18:27 -Starting...
2019-07-25 14:18:27 -BrokerAvailabilityEvent[available=true, SimpleBrokerMessageHandler [DefaultSubscriptionRegistry[cache[0 destination(s)], registry[0 sessions]]]]
2019-07-25 14:18:27 -Started.
2019-07-25 14:18:27 -Starting ProtocolHandler ["http-nio-8889"]
2019-07-25 14:18:27 -Using a shared selector for servlet write/read
2019-07-25 14:18:27 -Tomcat started on port(s): 8889 (http) with context path ''
2019-07-25 14:18:27 -Started BootdoApplication in 13.27 seconds (JVM running for 14.754)
2019-07-25 14:18:27 -==>  Preparing: select `id`,`cron_expression`,`method_name`,`is_concurrent`,`description`,`update_by`,`bean_class`,`create_date`,`job_status`,`job_group`,`update_date`,`create_by`,`spring_bean`,`job_name` from sys_task order by id desc 
2019-07-25 14:18:27 -==> Parameters: 
2019-07-25 14:18:27 -<==      Total: 1
2019-07-25 14:19:24 -WebSocketSession[0 current WS(0)-HttpStream(0)-HttpPoll(0), 0 total, 0 closed abnormally (0 connect failure, 0 send limit, 0 transport error)], stompSubProtocol[processed CONNECT(0)-CONNECTED(0)-DISCONNECT(0)], stompBrokerRelay[null], inboundChannel[pool size = 0, active threads = 0, queued tasks = 0, completed tasks = 0], outboundChannelpool size = 0, active threads = 0, queued tasks = 0, completed tasks = 0], sockJsScheduler[pool size = 1, active threads = 1, queued tasks = 0, completed tasks = 0]
2019-07-25 14:22:42 -Initializing Spring FrameworkServlet 'dispatcherServlet'
2019-07-25 14:22:42 -FrameworkServlet 'dispatcherServlet': initialization started
2019-07-25 14:22:42 -FrameworkServlet 'dispatcherServlet': initialization completed in 35 ms
2019-07-25 14:22:42 -Enabling session validation scheduler...
2019-07-25 14:22:42 - : http://127.0.0.1:8889/
2019-07-25 14:22:42 -HTTP METHOD : GET
2019-07-25 14:22:42 -CLASS_METHOD : com.bootdo.system.controller.LoginController.welcome
2019-07-25 14:22:42 - : [{}]
2019-07-25 14:22:42 - : 3
2019-07-25 14:22:42 - : redirect:/blog
2019-07-25 14:22:42 - : http://127.0.0.1:8889/blog
2019-07-25 14:22:42 -HTTP METHOD : GET
2019-07-25 14:22:42 -CLASS_METHOD : com.bootdo.blog.controller.BlogController.blog
2019-07-25 14:22:42 - : []
2019-07-25 14:22:42 - : 0
2019-07-25 14:22:42 - : blog/index/main
2019-07-25 14:22:42 - : http://127.0.0.1:8889/blog/open/list
2019-07-25 14:22:42 -HTTP METHOD : GET
2019-07-25 14:22:42 -CLASS_METHOD : com.bootdo.blog.controller.BlogController.opentList
2019-07-25 14:22:42 - : [{type=article, limit=10, offset=0}]
2019-07-25 14:22:42 -==>  Preparing: select `cid`,`title`,`slug`,`created`,`modified`,`type`,`tags`,`categories`,`hits`,`comments_num`,`allow_comment`,`allow_ping`,`allow_feed`,`status`,`author`,`gtm_create`,`gtm_modified` from blog_content WHERE type = ? order by cid desc limit 0, 10 
2019-07-25 14:22:42 -==> Parameters: article(String)
2019-07-25 14:22:42 -<==      Total: 10
2019-07-25 14:22:42 -==>  Preparing: select count(*) from blog_content WHERE type = ? 
2019-07-25 14:22:42 -==> Parameters: article(String)
2019-07-25 14:22:42 -<==      Total: 1
2019-07-25 14:22:42 - : 160
2019-07-25 14:22:42 - : com.bootdo.common.utils.PageUtils@24d32b68
2019-07-25 14:22:49 - : http://127.0.0.1:8889/login
2019-07-25 14:22:49 -HTTP METHOD : GET
2019-07-25 14:22:49 -CLASS_METHOD : com.bootdo.system.controller.LoginController.login
2019-07-25 14:22:49 - : [{}]
2019-07-25 14:22:49 - : 0
2019-07-25 14:22:49 - : login
2019-07-25 14:22:49 - : http://127.0.0.1:8889/getVerify
2019-07-25 14:22:49 -HTTP METHOD : GET
2019-07-25 14:22:49 -CLASS_METHOD : com.bootdo.system.controller.LoginController.getVerify
2019-07-25 14:22:49 - : [org.apache.shiro.web.servlet.ShiroHttpServletRequest@744c2e0e, org.apache.shiro.web.servlet.ShiroHttpServletResponse@74008cbb]
2019-07-25 14:22:50 -8860
2019-07-25 14:22:50 - : 913
2019-07-25 14:22:50 - : null
2019-07-25 14:22:52 - : http://127.0.0.1:8889/login
2019-07-25 14:22:52 -HTTP METHOD : POST
2019-07-25 14:22:52 -CLASS_METHOD : com.bootdo.system.controller.LoginController.ajaxLogin
2019-07-25 14:22:52 - : [admin, 111111, 8860, org.apache.shiro.web.servlet.ShiroHttpServletRequest@39130416]
2019-07-25 14:22:52 -==>  Preparing: select `user_id`,`username`,`name`,`password`,`dept_id`,`email`,`mobile`,`status`,`user_id_create`,`gmt_create`,`gmt_modified`,`sex`,`birth`,`pic_id`,`live_address`,`hobby`,`province`,`city`,`district` from sys_user WHERE username = ? order by user_id desc 
2019-07-25 14:22:52 -==> Parameters: admin(String)
2019-07-25 14:22:52 -<==      Total: 1
2019-07-25 14:22:52 - : 25
2019-07-25 14:22:52 - : {msg=, code=0}
2019-07-25 14:22:53 -More than one TaskExecutor bean found within the context, and none is named 'taskExecutor'. Mark one of them as primary or name it 'taskExecutor' (possibly as an alias) in order to use it for async processing: [clientInboundChannelExecutor, clientOutboundChannelExecutor, brokerChannelExecutor, messageBrokerTaskScheduler]
2019-07-25 14:22:53 -==>  Preparing: insert into sys_log ( `user_id`, `username`, `operation`, `time`, `method`, `params`, `ip`, `gmt_create` ) values ( ?, ?, ?, ?, ?, ?, ?, ? ) 
2019-07-25 14:22:53 -==> Parameters: 1(Long), admin(String), (String), 25(Integer), com.bootdo.system.controller.LoginController.ajaxLogin()(String), null, 127.0.0.1(String), 2019-07-25 14:22:53.045(Timestamp)
2019-07-25 14:22:53 - : http://127.0.0.1:8889/index
2019-07-25 14:22:53 -HTTP METHOD : GET
2019-07-25 14:22:53 -CLASS_METHOD : com.bootdo.system.controller.LoginController.index
2019-07-25 14:22:53 - : [{}]
2019-07-25 14:22:53 -==>  Preparing: select distinct m.menu_id , parent_id, name, url, perms,`type`,icon,order_num,gmt_create, gmt_modified from sys_menu m left join sys_role_menu rm on m.menu_id = rm.menu_id left join sys_user_role ur on rm.role_id =ur.role_id where ur.user_id = ? and m.type in(0,1) order by m.order_num 
2019-07-25 14:22:53 -==> Parameters: 1(Long)
2019-07-25 14:22:53 -<==      Total: 29
2019-07-25 14:22:53 -==>  Preparing: select `id`,`type`,`url`,`create_date` from sys_file where id = ? 
2019-07-25 14:22:53 -==> Parameters: 138(Long)
2019-07-25 14:22:53 -<==      Total: 1
2019-07-25 14:22:53 - : 88
2019-07-25 14:22:53 - : index_v1
2019-07-25 14:22:53 -==>  Preparing: insert into sys_log ( `user_id`, `username`, `operation`, `time`, `method`, `params`, `ip`, `gmt_create` ) values ( ?, ?, ?, ?, ?, ?, ?, ? ) 
2019-07-25 14:22:53 -==> Parameters: 1(Long), admin(String), (String), 88(Integer), com.bootdo.system.controller.LoginController.index()(String), null, 127.0.0.1(String), 2019-07-25 14:22:53.184(Timestamp)
2019-07-25 14:22:53 -<==    Updates: 1
2019-07-25 14:22:53 -<==    Updates: 1
2019-07-25 14:22:53 - : http://127.0.0.1:8889/main
2019-07-25 14:22:53 -HTTP METHOD : GET
2019-07-25 14:22:53 -CLASS_METHOD : com.bootdo.system.controller.LoginController.main
2019-07-25 14:22:53 - : []
2019-07-25 14:22:53 - : 0
2019-07-25 14:22:53 - : main
2019-07-25 14:22:53 - : http://127.0.0.1:8889/oa/notify/message
2019-07-25 14:22:53 -HTTP METHOD : GET
2019-07-25 14:22:53 -CLASS_METHOD : com.bootdo.oa.controller.NotifyController.message
2019-07-25 14:22:53 - : []
2019-07-25 14:22:53 -==>  Preparing: select DISTINCT n.id ,`type`,`title`,`content`,`files`,r.is_read,`status`,`create_by`,`create_date`,`update_by`,`update_date`,`remarks`,`del_flag` from oa_notify_record r right JOIN oa_notify n on r.notify_id = n.id WHERE r.is_read = ? and r.user_id = ? order by is_read ASC, update_date DESC limit ?, ? 
2019-07-25 14:22:53 -==> Parameters: 0(String), 1(Long), 0(Integer), 3(Integer)
2019-07-25 14:22:53 -<==      Total: 0
2019-07-25 14:22:53 -==>  Preparing: select count(*) from oa_notify_record r right JOIN oa_notify n on r.notify_id = n.id where r.user_id =? and r.is_read = ? 
2019-07-25 14:22:53 -==> Parameters: 1(Long), 0(String)
2019-07-25 14:22:53 -<==      Total: 1
2019-07-25 14:22:53 - : 12
2019-07-25 14:22:53 - : com.bootdo.common.utils.PageUtils@4974ea43
2019-07-25 14:22:53 - : http://127.0.0.1:8889/main
2019-07-25 14:22:53 -HTTP METHOD : GET
2019-07-25 14:22:53 -CLASS_METHOD : com.bootdo.system.controller.LoginController.main
2019-07-25 14:22:53 - : []
2019-07-25 14:22:53 - : 0
2019-07-25 14:22:53 - : main
2019-07-25 14:22:56 -==>  Preparing: select distinct m.perms from sys_menu m left join sys_role_menu rm on m.menu_id = rm.menu_id left join sys_user_role ur on rm.role_id = ur.role_id where ur.user_id = ? 
2019-07-25 14:22:56 -==> Parameters: 1(Long)
2019-07-25 14:22:56 -<==      Total: 51
2019-07-25 14:22:56 - : http://127.0.0.1:8889/qrcode/qrcode
2019-07-25 14:22:56 -HTTP METHOD : GET
2019-07-25 14:22:56 -CLASS_METHOD : com.bootdo.qrcode.controller.QrcodeController.Qrcode
2019-07-25 14:22:56 - : []
2019-07-25 14:22:56 - : 0
2019-07-25 14:22:56 - : qrcode/qrcode/qrcode
2019-07-25 14:22:56 - : http://127.0.0.1:8889/qrcode/qrcode/list
2019-07-25 14:22:56 -HTTP METHOD : GET
2019-07-25 14:22:56 -CLASS_METHOD : com.bootdo.qrcode.controller.QrcodeController.list
2019-07-25 14:22:56 - : [{limit=10, offset=0}]
2019-07-25 14:22:56 -==>  Preparing: select `Id`,`qqurl`,`wechaturl`,`alipayurl`,`resulturl` from qrcode order by Id desc limit ?, ? 
2019-07-25 14:22:56 -==> Parameters: 0(Integer), 10(Integer)
2019-07-25 14:22:56 -<==      Total: 6
2019-07-25 14:22:56 -==>  Preparing: select count(*) from qrcode 
2019-07-25 14:22:56 -==> Parameters: 
2019-07-25 14:22:56 -<==      Total: 1
2019-07-25 14:22:56 - : 79
2019-07-25 14:22:56 - : com.bootdo.common.utils.PageUtils@7e033558
2019-07-25 14:34:50 - : http://127.0.0.1:8889/qrcode/qrcode/add
2019-07-25 14:34:50 -HTTP METHOD : GET
2019-07-25 14:34:50 -CLASS_METHOD : com.bootdo.qrcode.controller.QrcodeController.add
2019-07-25 14:34:50 - : []
2019-07-25 14:34:50 - : 0
2019-07-25 14:34:50 - : qrcode/qrcode/add
2019-07-25 14:35:56 - : http://127.0.0.1:8889/qrcode/qrcode/save
2019-07-25 14:35:56 -HTTP METHOD : POST
2019-07-25 14:35:56 -CLASS_METHOD : com.bootdo.qrcode.controller.QrcodeController.save
2019-07-25 14:35:56 - : [com.bootdo.qrcode.domain.QrcodeDO@52c7de09]
2019-07-25 14:35:56 -==>  Preparing: insert into qrcode ( `qqurl`, `wechaturl`, `alipayurl`, `resulturl` ) values ( ?, ?, ?, ? ) 
2019-07-25 14:35:56 -==> Parameters: (String), wxp://f2f0QDWOxa8XsNIvz5ipnzh-9gAKKX-1W0zm(String), HTTPS://QR.ALIPAY.COM/FKX05353HGG50ECGCKSZ34(String), (String)
2019-07-25 14:35:56 -<==    Updates: 1
2019-07-25 14:35:56 - : 50
2019-07-25 14:35:56 - : {msg=, code=0}
2019-07-25 14:35:56 - : http://127.0.0.1:8889/qrcode/qrcode/list
2019-07-25 14:35:56 -HTTP METHOD : GET
2019-07-25 14:35:56 -CLASS_METHOD : com.bootdo.qrcode.controller.QrcodeController.list
2019-07-25 14:35:56 - : [{limit=10, offset=0}]
2019-07-25 14:35:56 -==>  Preparing: select `Id`,`qqurl`,`wechaturl`,`alipayurl`,`resulturl` from qrcode order by Id desc limit ?, ? 
2019-07-25 14:35:56 -==> Parameters: 0(Integer), 10(Integer)
2019-07-25 14:35:56 -<==      Total: 7
2019-07-25 14:35:56 -==>  Preparing: select count(*) from qrcode 
2019-07-25 14:35:56 -==> Parameters: 
2019-07-25 14:35:56 -<==      Total: 1
2019-07-25 14:35:56 - : 7
2019-07-25 14:35:56 - : com.bootdo.common.utils.PageUtils@1c06fbea
2019-07-25 14:38:40 - : http://127.0.0.1:8889/qrcode/qrcode/generate
2019-07-25 14:38:40 -HTTP METHOD : POST
2019-07-25 14:38:40 -CLASS_METHOD : com.bootdo.qrcode.controller.QrcodeController.generate
2019-07-25 14:38:40 - : [com.bootdo.qrcode.domain.QrcodeDO@4177ec1e]
2019-07-25 14:38:40 -==>  Preparing: insert into qrcode ( `qqurl`, `wechaturl`, `alipayurl`, `resulturl` ) values ( ?, ?, ?, ? ) 
2019-07-25 14:38:40 -==> Parameters: null, wxp://f2f0QDWOxa8XsNIvz5ipnzh-9gAKKX-1W0zm(String), HTTPS://QR.ALIPAY.COM/FKX05353HGG50ECGCKSZ34(String), 46964a3ebae525a5b7c4478d918ddf6b(String)
2019-07-25 14:38:40 -<==    Updates: 1
2019-07-25 14:38:40 - : 3
2019-07-25 14:38:40 - : {msg=, result=46964a3ebae525a5b7c4478d918ddf6b, code=0}
2019-07-25 14:38:45 - : http://127.0.0.1:8889/index
2019-07-25 14:38:45 -HTTP METHOD : GET
2019-07-25 14:38:45 -CLASS_METHOD : com.bootdo.system.controller.LoginController.index
2019-07-25 14:38:45 - : [{}]
2019-07-25 14:38:45 -==>  Preparing: select distinct m.menu_id , parent_id, name, url, perms,`type`,icon,order_num,gmt_create, gmt_modified from sys_menu m left join sys_role_menu rm on m.menu_id = rm.menu_id left join sys_user_role ur on rm.role_id =ur.role_id where ur.user_id = ? and m.type in(0,1) order by m.order_num 
2019-07-25 14:38:45 -==> Parameters: 1(Long)
2019-07-25 14:38:45 -<==      Total: 29
2019-07-25 14:38:45 -==>  Preparing: select `id`,`type`,`url`,`create_date` from sys_file where id = ? 
2019-07-25 14:38:45 -==> Parameters: 138(Long)
2019-07-25 14:38:45 -<==      Total: 1
2019-07-25 14:38:45 - : 18
2019-07-25 14:38:45 - : index_v1
2019-07-25 14:38:45 -==>  Preparing: insert into sys_log ( `user_id`, `username`, `operation`, `time`, `method`, `params`, `ip`, `gmt_create` ) values ( ?, ?, ?, ?, ?, ?, ?, ? ) 
2019-07-25 14:38:45 -==> Parameters: 1(Long), admin(String), (String), 18(Integer), com.bootdo.system.controller.LoginController.index()(String), null, 127.0.0.1(String), 2019-07-25 14:38:45.136(Timestamp)
2019-07-25 14:38:45 - : http://127.0.0.1:8889/main
2019-07-25 14:38:45 -HTTP METHOD : GET
2019-07-25 14:38:45 -CLASS_METHOD : com.bootdo.system.controller.LoginController.main
2019-07-25 14:38:45 - : []
2019-07-25 14:38:45 - : 0
2019-07-25 14:38:45 - : main
2019-07-25 14:38:45 -<==    Updates: 1
2019-07-25 14:38:45 - : http://127.0.0.1:8889/oa/notify/message
2019-07-25 14:38:45 -HTTP METHOD : GET
2019-07-25 14:38:45 -CLASS_METHOD : com.bootdo.oa.controller.NotifyController.message
2019-07-25 14:38:45 - : []
2019-07-25 14:38:45 -==>  Preparing: select DISTINCT n.id ,`type`,`title`,`content`,`files`,r.is_read,`status`,`create_by`,`create_date`,`update_by`,`update_date`,`remarks`,`del_flag` from oa_notify_record r right JOIN oa_notify n on r.notify_id = n.id WHERE r.is_read = ? and r.user_id = ? order by is_read ASC, update_date DESC limit ?, ? 
2019-07-25 14:38:45 -==> Parameters: 0(String), 1(Long), 0(Integer), 3(Integer)
2019-07-25 14:38:45 -<==      Total: 0
2019-07-25 14:38:45 -==>  Preparing: select count(*) from oa_notify_record r right JOIN oa_notify n on r.notify_id = n.id where r.user_id =? and r.is_read = ? 
2019-07-25 14:38:45 -==> Parameters: 1(Long), 0(String)
2019-07-25 14:38:45 -<==      Total: 1
2019-07-25 14:38:45 - : 6
2019-07-25 14:38:45 - : com.bootdo.common.utils.PageUtils@ca72689
2019-07-25 14:38:45 - : http://127.0.0.1:8889/main
2019-07-25 14:38:45 -HTTP METHOD : GET
2019-07-25 14:38:45 -CLASS_METHOD : com.bootdo.system.controller.LoginController.main
2019-07-25 14:38:45 - : []
2019-07-25 14:38:45 - : 0
2019-07-25 14:38:45 - : main
2019-07-25 14:38:48 -==>  Preparing: select distinct m.perms from sys_menu m left join sys_role_menu rm on m.menu_id = rm.menu_id left join sys_user_role ur on rm.role_id = ur.role_id where ur.user_id = ? 
2019-07-25 14:38:48 -==> Parameters: 1(Long)
2019-07-25 14:38:48 -<==      Total: 51
2019-07-25 14:38:48 - : http://127.0.0.1:8889/qrcode/qrcode
2019-07-25 14:38:48 -HTTP METHOD : GET
2019-07-25 14:38:48 -CLASS_METHOD : com.bootdo.qrcode.controller.QrcodeController.Qrcode
2019-07-25 14:38:48 - : []
2019-07-25 14:38:48 - : 1
2019-07-25 14:38:48 - : qrcode/qrcode/qrcode
2019-07-25 14:38:48 - : http://127.0.0.1:8889/qrcode/qrcode/list
2019-07-25 14:38:48 -HTTP METHOD : GET
2019-07-25 14:38:48 -CLASS_METHOD : com.bootdo.qrcode.controller.QrcodeController.list
2019-07-25 14:38:48 - : [{limit=10, offset=0}]
2019-07-25 14:38:48 -==>  Preparing: select `Id`,`qqurl`,`wechaturl`,`alipayurl`,`resulturl` from qrcode order by Id desc limit ?, ? 
2019-07-25 14:38:48 -==> Parameters: 0(Integer), 10(Integer)
2019-07-25 14:38:48 -<==      Total: 8
2019-07-25 14:38:48 -==>  Preparing: select count(*) from qrcode 
2019-07-25 14:38:48 -==> Parameters: 
2019-07-25 14:38:48 -<==      Total: 1
2019-07-25 14:38:48 - : 6
2019-07-25 14:38:48 - : com.bootdo.common.utils.PageUtils@339b7a8c
2019-07-25 14:49:24 -WebSocketSession[1 current WS(1)-HttpStream(0)-HttpPoll(0), 2 total, 0 closed abnormally (0 connect failure, 0 send limit, 0 transport error)], stompSubProtocol[processed CONNECT(2)-CONNECTED(2)-DISCONNECT(0)], stompBrokerRelay[null], inboundChannel[pool size = 0, active threads = 0, queued tasks = 0, completed tasks = 21], outboundChannelpool size = 0, active threads = 0, queued tasks = 0, completed tasks = 3], sockJsScheduler[pool size = 8, active threads = 1, queued tasks = 2, completed tasks = 383]
2019-07-25 15:19:24 -WebSocketSession[1 current WS(1)-HttpStream(0)-HttpPoll(0), 2 total, 0 closed abnormally (0 connect failure, 0 send limit, 0 transport error)], stompSubProtocol[processed CONNECT(2)-CONNECTED(2)-DISCONNECT(0)], stompBrokerRelay[null], inboundChannel[pool size = 0, active threads = 0, queued tasks = 0, completed tasks = 21], outboundChannelpool size = 0, active threads = 0, queued tasks = 0, completed tasks = 3], sockJsScheduler[pool size = 8, active threads = 1, queued tasks = 2, completed tasks = 816]
2019-07-25 15:22:42 -Validating all active sessions...
2019-07-25 15:22:42 -Finished session validation.  [1] sessions were stopped.
2019-07-25 15:49:24 -WebSocketSession[1 current WS(1)-HttpStream(0)-HttpPoll(0), 2 total, 0 closed abnormally (0 connect failure, 0 send limit, 0 transport error)], stompSubProtocol[processed CONNECT(2)-CONNECTED(2)-DISCONNECT(0)], stompBrokerRelay[null], inboundChannel[pool size = 0, active threads = 0, queued tasks = 0, completed tasks = 21], outboundChannelpool size = 0, active threads = 0, queued tasks = 0, completed tasks = 3], sockJsScheduler[pool size = 8, active threads = 1, queued tasks = 2, completed tasks = 1249]
2019-07-25 16:19:24 -WebSocketSession[1 current WS(1)-HttpStream(0)-HttpPoll(0), 2 total, 0 closed abnormally (0 connect failure, 0 send limit, 0 transport error)], stompSubProtocol[processed CONNECT(2)-CONNECTED(2)-DISCONNECT(0)], stompBrokerRelay[null], inboundChannel[pool size = 0, active threads = 0, queued tasks = 0, completed tasks = 21], outboundChannelpool size = 0, active threads = 0, queued tasks = 0, completed tasks = 3], sockJsScheduler[pool size = 8, active threads = 1, queued tasks = 2, completed tasks = 1682]
2019-07-25 16:20:04 -Request method 'GET' not supported
org.springframework.web.HttpRequestMethodNotSupportedException: Request method 'GET' not supported
	at org.springframework.web.servlet.mvc.method.RequestMappingInfoHandlerMapping.handleNoMatch(RequestMappingInfoHandlerMapping.java:197)
	at org.springframework.web.servlet.handler.AbstractHandlerMethodMapping.lookupHandlerMethod(AbstractHandlerMethodMapping.java:376)
	at org.springframework.web.servlet.handler.AbstractHandlerMethodMapping.getHandlerInternal(AbstractHandlerMethodMapping.java:316)
	at org.springframework.web.servlet.handler.AbstractHandlerMethodMapping.getHandlerInternal(AbstractHandlerMethodMapping.java:62)
	at org.springframework.web.servlet.handler.AbstractHandlerMapping.getHandler(AbstractHandlerMapping.java:350)
	at org.springframework.web.servlet.DispatcherServlet.getHandler(DispatcherServlet.java:1188)
	at org.springframework.web.servlet.DispatcherServlet.doDispatch(DispatcherServlet.java:964)
	at org.springframework.web.servlet.DispatcherServlet.doService(DispatcherServlet.java:925)
	at org.springframework.web.servlet.FrameworkServlet.processRequest(FrameworkServlet.java:974)
	at org.springframework.web.servlet.FrameworkServlet.doGet(FrameworkServlet.java:866)
	at javax.servlet.http.HttpServlet.service(HttpServlet.java:635)
	at org.springframework.web.servlet.FrameworkServlet.service(FrameworkServlet.java:851)
	at javax.servlet.http.HttpServlet.service(HttpServlet.java:742)
	at org.apache.catalina.core.ApplicationFilterChain.internalDoFilter(ApplicationFilterChain.java:231)
	at org.apache.catalina.core.ApplicationFilterChain.doFilter(ApplicationFilterChain.java:166)
	at org.apache.tomcat.websocket.server.WsFilter.doFilter(WsFilter.java:52)
	at org.apache.catalina.core.ApplicationFilterChain.internalDoFilter(ApplicationFilterChain.java:193)
	at org.apache.catalina.core.ApplicationFilterChain.doFilter(ApplicationFilterChain.java:166)
	at org.apache.shiro.web.servlet.ProxiedFilterChain.doFilter(ProxiedFilterChain.java:61)
	at org.apache.shiro.web.servlet.AdviceFilter.executeChain(AdviceFilter.java:108)
	at org.apache.shiro.web.servlet.AdviceFilter.doFilterInternal(AdviceFilter.java:137)
	at org.apache.shiro.web.servlet.OncePerRequestFilter.doFilter(OncePerRequestFilter.java:125)
	at org.apache.shiro.web.servlet.ProxiedFilterChain.doFilter(ProxiedFilterChain.java:66)
	at org.apache.shiro.web.servlet.AbstractShiroFilter.executeChain(AbstractShiroFilter.java:449)
	at org.apache.shiro.web.servlet.AbstractShiroFilter$1.call(AbstractShiroFilter.java:365)
	at org.apache.shiro.subject.support.SubjectCallable.doCall(SubjectCallable.java:90)
	at org.apache.shiro.subject.support.SubjectCallable.call(SubjectCallable.java:83)
	at org.apache.shiro.subject.support.DelegatingSubject.execute(DelegatingSubject.java:383)
	at org.apache.shiro.web.servlet.AbstractShiroFilter.doFilterInternal(AbstractShiroFilter.java:362)
	at org.apache.shiro.web.servlet.OncePerRequestFilter.doFilter(OncePerRequestFilter.java:125)
	at org.apache.catalina.core.ApplicationFilterChain.internalDoFilter(ApplicationFilterChain.java:193)
	at org.apache.catalina.core.ApplicationFilterChain.doFilter(ApplicationFilterChain.java:166)
	at com.alibaba.druid.support.http.WebStatFilter.doFilter(WebStatFilter.java:123)
	at org.apache.catalina.core.ApplicationFilterChain.internalDoFilter(ApplicationFilterChain.java:193)
	at org.apache.catalina.core.ApplicationFilterChain.doFilter(ApplicationFilterChain.java:166)
	at org.springframework.web.filter.RequestContextFilter.doFilterInternal(RequestContextFilter.java:99)
	at org.springframework.web.filter.OncePerRequestFilter.doFilter(OncePerRequestFilter.java:107)
	at org.apache.catalina.core.ApplicationFilterChain.internalDoFilter(ApplicationFilterChain.java:193)
	at org.apache.catalina.core.ApplicationFilterChain.doFilter(ApplicationFilterChain.java:166)
	at org.springframework.web.filter.HttpPutFormContentFilter.doFilterInternal(HttpPutFormContentFilter.java:109)
	at org.springframework.web.filter.OncePerRequestFilter.doFilter(OncePerRequestFilter.java:107)
	at org.apache.catalina.core.ApplicationFilterChain.internalDoFilter(ApplicationFilterChain.java:193)
	at org.apache.catalina.core.ApplicationFilterChain.doFilter(ApplicationFilterChain.java:166)
	at org.springframework.web.filter.HiddenHttpMethodFilter.doFilterInternal(HiddenHttpMethodFilter.java:93)
	at org.springframework.web.filter.OncePerRequestFilter.doFilter(OncePerRequestFilter.java:107)
	at org.apache.catalina.core.ApplicationFilterChain.internalDoFilter(ApplicationFilterChain.java:193)
	at org.apache.catalina.core.ApplicationFilterChain.doFilter(ApplicationFilterChain.java:166)
	at org.springframework.web.filter.CharacterEncodingFilter.doFilterInternal(CharacterEncodingFilter.java:200)
	at org.springframework.web.filter.OncePerRequestFilter.doFilter(OncePerRequestFilter.java:107)
	at org.apache.catalina.core.ApplicationFilterChain.internalDoFilter(ApplicationFilterChain.java:193)
	at org.apache.catalina.core.ApplicationFilterChain.doFilter(ApplicationFilterChain.java:166)
	at org.apache.catalina.core.StandardWrapperValve.invoke(StandardWrapperValve.java:198)
	at org.apache.catalina.core.StandardContextValve.invoke(StandardContextValve.java:96)
	at org.apache.catalina.authenticator.AuthenticatorBase.invoke(AuthenticatorBase.java:496)
	at org.apache.catalina.core.StandardHostValve.invoke(StandardHostValve.java:140)
	at org.apache.catalina.valves.ErrorReportValve.invoke(ErrorReportValve.java:81)
	at org.apache.catalina.core.StandardEngineValve.invoke(StandardEngineValve.java:87)
	at org.apache.catalina.connector.CoyoteAdapter.service(CoyoteAdapter.java:342)
	at org.apache.coyote.http11.Http11Processor.service(Http11Processor.java:803)
	at org.apache.coyote.AbstractProcessorLight.process(AbstractProcessorLight.java:66)
	at org.apache.coyote.AbstractProtocol$ConnectionHandler.process(AbstractProtocol.java:790)
	at org.apache.tomcat.util.net.NioEndpoint$SocketProcessor.doRun(NioEndpoint.java:1468)
	at org.apache.tomcat.util.net.SocketProcessorBase.run(SocketProcessorBase.java:49)
	at java.util.concurrent.ThreadPoolExecutor.runWorker(ThreadPoolExecutor.java:1142)
	at java.util.concurrent.ThreadPoolExecutor$Worker.run(ThreadPoolExecutor.java:617)
	at org.apache.tomcat.util.threads.TaskThread$WrappingRunnable.run(TaskThread.java:61)
	at java.lang.Thread.run(Thread.java:748)
2019-07-25 16:20:04 -==>  Preparing: insert into sys_log ( `user_id`, `username`, `operation`, `time`, `method`, `params`, `ip`, `gmt_create` ) values ( ?, ?, ?, ?, ?, ?, ?, ? ) 
2019-07-25 16:20:04 -==> Parameters: null, null, error(String), null, http://127.0.0.1:8889/qrcode/qrcode/getResult(String), org.springframework.web.HttpRequestMethodNotSupportedException: Request method 'GET' not supported(String), null, 2019-07-25 16:20:04.881(Timestamp)
2019-07-25 16:20:04 -<==    Updates: 1
2019-07-25 16:20:18 -==>  Preparing: insert into sys_log ( `user_id`, `username`, `operation`, `time`, `method`, `params`, `ip`, `gmt_create` ) values ( ?, ?, ?, ?, ?, ?, ?, ? ) 
2019-07-25 16:20:18 -==> Parameters: null, null, error(String), null, http://127.0.0.1:8889/qrcode/qrcode/getResult(String), org.springframework.web.HttpRequestMethodNotSupportedException: Request method 'GET' not supported(String), null, 2019-07-25 16:20:18.024(Timestamp)
2019-07-25 16:20:18 -Request method 'GET' not supported
org.springframework.web.HttpRequestMethodNotSupportedException: Request method 'GET' not supported
	at org.springframework.web.servlet.mvc.method.RequestMappingInfoHandlerMapping.handleNoMatch(RequestMappingInfoHandlerMapping.java:197)
	at org.springframework.web.servlet.handler.AbstractHandlerMethodMapping.lookupHandlerMethod(AbstractHandlerMethodMapping.java:376)
	at org.springframework.web.servlet.handler.AbstractHandlerMethodMapping.getHandlerInternal(AbstractHandlerMethodMapping.java:316)
	at org.springframework.web.servlet.handler.AbstractHandlerMethodMapping.getHandlerInternal(AbstractHandlerMethodMapping.java:62)
	at org.springframework.web.servlet.handler.AbstractHandlerMapping.getHandler(AbstractHandlerMapping.java:350)
	at org.springframework.web.servlet.DispatcherServlet.getHandler(DispatcherServlet.java:1188)
	at org.springframework.web.servlet.DispatcherServlet.doDispatch(DispatcherServlet.java:964)
	at org.springframework.web.servlet.DispatcherServlet.doService(DispatcherServlet.java:925)
	at org.springframework.web.servlet.FrameworkServlet.processRequest(FrameworkServlet.java:974)
	at org.springframework.web.servlet.FrameworkServlet.doGet(FrameworkServlet.java:866)
	at javax.servlet.http.HttpServlet.service(HttpServlet.java:635)
	at org.springframework.web.servlet.FrameworkServlet.service(FrameworkServlet.java:851)
	at javax.servlet.http.HttpServlet.service(HttpServlet.java:742)
	at org.apache.catalina.core.ApplicationFilterChain.internalDoFilter(ApplicationFilterChain.java:231)
	at org.apache.catalina.core.ApplicationFilterChain.doFilter(ApplicationFilterChain.java:166)
	at org.apache.tomcat.websocket.server.WsFilter.doFilter(WsFilter.java:52)
	at org.apache.catalina.core.ApplicationFilterChain.internalDoFilter(ApplicationFilterChain.java:193)
	at org.apache.catalina.core.ApplicationFilterChain.doFilter(ApplicationFilterChain.java:166)
	at org.apache.shiro.web.servlet.ProxiedFilterChain.doFilter(ProxiedFilterChain.java:61)
	at org.apache.shiro.web.servlet.AdviceFilter.executeChain(AdviceFilter.java:108)
	at org.apache.shiro.web.servlet.AdviceFilter.doFilterInternal(AdviceFilter.java:137)
	at org.apache.shiro.web.servlet.OncePerRequestFilter.doFilter(OncePerRequestFilter.java:125)
	at org.apache.shiro.web.servlet.ProxiedFilterChain.doFilter(ProxiedFilterChain.java:66)
	at org.apache.shiro.web.servlet.AbstractShiroFilter.executeChain(AbstractShiroFilter.java:449)
	at org.apache.shiro.web.servlet.AbstractShiroFilter$1.call(AbstractShiroFilter.java:365)
	at org.apache.shiro.subject.support.SubjectCallable.doCall(SubjectCallable.java:90)
	at org.apache.shiro.subject.support.SubjectCallable.call(SubjectCallable.java:83)
	at org.apache.shiro.subject.support.DelegatingSubject.execute(DelegatingSubject.java:383)
	at org.apache.shiro.web.servlet.AbstractShiroFilter.doFilterInternal(AbstractShiroFilter.java:362)
	at org.apache.shiro.web.servlet.OncePerRequestFilter.doFilter(OncePerRequestFilter.java:125)
	at org.apache.catalina.core.ApplicationFilterChain.internalDoFilter(ApplicationFilterChain.java:193)
	at org.apache.catalina.core.ApplicationFilterChain.doFilter(ApplicationFilterChain.java:166)
	at com.alibaba.druid.support.http.WebStatFilter.doFilter(WebStatFilter.java:123)
	at org.apache.catalina.core.ApplicationFilterChain.internalDoFilter(ApplicationFilterChain.java:193)
	at org.apache.catalina.core.ApplicationFilterChain.doFilter(ApplicationFilterChain.java:166)
	at org.springframework.web.filter.RequestContextFilter.doFilterInternal(RequestContextFilter.java:99)
	at org.springframework.web.filter.OncePerRequestFilter.doFilter(OncePerRequestFilter.java:107)
	at org.apache.catalina.core.ApplicationFilterChain.internalDoFilter(ApplicationFilterChain.java:193)
	at org.apache.catalina.core.ApplicationFilterChain.doFilter(ApplicationFilterChain.java:166)
	at org.springframework.web.filter.HttpPutFormContentFilter.doFilterInternal(HttpPutFormContentFilter.java:109)
	at org.springframework.web.filter.OncePerRequestFilter.doFilter(OncePerRequestFilter.java:107)
	at org.apache.catalina.core.ApplicationFilterChain.internalDoFilter(ApplicationFilterChain.java:193)
	at org.apache.catalina.core.ApplicationFilterChain.doFilter(ApplicationFilterChain.java:166)
	at org.springframework.web.filter.HiddenHttpMethodFilter.doFilterInternal(HiddenHttpMethodFilter.java:93)
	at org.springframework.web.filter.OncePerRequestFilter.doFilter(OncePerRequestFilter.java:107)
	at org.apache.catalina.core.ApplicationFilterChain.internalDoFilter(ApplicationFilterChain.java:193)
	at org.apache.catalina.core.ApplicationFilterChain.doFilter(ApplicationFilterChain.java:166)
	at org.springframework.web.filter.CharacterEncodingFilter.doFilterInternal(CharacterEncodingFilter.java:200)
	at org.springframework.web.filter.OncePerRequestFilter.doFilter(OncePerRequestFilter.java:107)
	at org.apache.catalina.core.ApplicationFilterChain.internalDoFilter(ApplicationFilterChain.java:193)
	at org.apache.catalina.core.ApplicationFilterChain.doFilter(ApplicationFilterChain.java:166)
	at org.apache.catalina.core.StandardWrapperValve.invoke(StandardWrapperValve.java:198)
	at org.apache.catalina.core.StandardContextValve.invoke(StandardContextValve.java:96)
	at org.apache.catalina.authenticator.AuthenticatorBase.invoke(AuthenticatorBase.java:496)
	at org.apache.catalina.core.StandardHostValve.invoke(StandardHostValve.java:140)
	at org.apache.catalina.valves.ErrorReportValve.invoke(ErrorReportValve.java:81)
	at org.apache.catalina.core.StandardEngineValve.invoke(StandardEngineValve.java:87)
	at org.apache.catalina.connector.CoyoteAdapter.service(CoyoteAdapter.java:342)
	at org.apache.coyote.http11.Http11Processor.service(Http11Processor.java:803)
	at org.apache.coyote.AbstractProcessorLight.process(AbstractProcessorLight.java:66)
	at org.apache.coyote.AbstractProtocol$ConnectionHandler.process(AbstractProtocol.java:790)
	at org.apache.tomcat.util.net.NioEndpoint$SocketProcessor.doRun(NioEndpoint.java:1468)
	at org.apache.tomcat.util.net.SocketProcessorBase.run(SocketProcessorBase.java:49)
	at java.util.concurrent.ThreadPoolExecutor.runWorker(ThreadPoolExecutor.java:1142)
	at java.util.concurrent.ThreadPoolExecutor$Worker.run(ThreadPoolExecutor.java:617)
	at org.apache.tomcat.util.threads.TaskThread$WrappingRunnable.run(TaskThread.java:61)
	at java.lang.Thread.run(Thread.java:748)
2019-07-25 16:20:18 -<==    Updates: 1
2019-07-25 16:22:42 -Validating all active sessions...
2019-07-25 16:22:42 -Finished session validation.  No sessions were stopped.
2019-07-25 16:49:24 -WebSocketSession[1 current WS(1)-HttpStream(0)-HttpPoll(0), 2 total, 0 closed abnormally (0 connect failure, 0 send limit, 0 transport error)], stompSubProtocol[processed CONNECT(2)-CONNECTED(2)-DISCONNECT(0)], stompBrokerRelay[null], inboundChannel[pool size = 0, active threads = 0, queued tasks = 0, completed tasks = 21], outboundChannelpool size = 0, active threads = 0, queued tasks = 0, completed tasks = 3], sockJsScheduler[pool size = 8, active threads = 1, queued tasks = 2, completed tasks = 2115]
2019-07-25 17:19:24 -WebSocketSession[1 current WS(1)-HttpStream(0)-HttpPoll(0), 2 total, 0 closed abnormally (0 connect failure, 0 send limit, 0 transport error)], stompSubProtocol[processed CONNECT(2)-CONNECTED(2)-DISCONNECT(0)], stompBrokerRelay[null], inboundChannel[pool size = 0, active threads = 0, queued tasks = 0, completed tasks = 21], outboundChannelpool size = 0, active threads = 0, queued tasks = 0, completed tasks = 3], sockJsScheduler[pool size = 8, active threads = 1, queued tasks = 2, completed tasks = 2548]
2019-07-25 17:22:42 -Validating all active sessions...
2019-07-25 17:22:42 -Finished session validation.  No sessions were stopped.
2019-07-25 17:49:24 -WebSocketSession[1 current WS(1)-HttpStream(0)-HttpPoll(0), 2 total, 0 closed abnormally (0 connect failure, 0 send limit, 0 transport error)], stompSubProtocol[processed CONNECT(2)-CONNECTED(2)-DISCONNECT(0)], stompBrokerRelay[null], inboundChannel[pool size = 0, active threads = 0, queued tasks = 0, completed tasks = 21], outboundChannelpool size = 0, active threads = 0, queued tasks = 0, completed tasks = 3], sockJsScheduler[pool size = 8, active threads = 1, queued tasks = 2, completed tasks = 2981]
2019-07-25 18:19:24 -WebSocketSession[1 current WS(1)-HttpStream(0)-HttpPoll(0), 2 total, 0 closed abnormally (0 connect failure, 0 send limit, 0 transport error)], stompSubProtocol[processed CONNECT(2)-CONNECTED(2)-DISCONNECT(0)], stompBrokerRelay[null], inboundChannel[pool size = 0, active threads = 0, queued tasks = 0, completed tasks = 21], outboundChannelpool size = 0, active threads = 0, queued tasks = 0, completed tasks = 3], sockJsScheduler[pool size = 8, active threads = 1, queued tasks = 2, completed tasks = 3414]
2019-07-25 18:22:42 -Validating all active sessions...
2019-07-25 18:22:42 -Finished session validation.  No sessions were stopped.
2019-07-25 18:49:24 -WebSocketSession[1 current WS(1)-HttpStream(0)-HttpPoll(0), 2 total, 0 closed abnormally (0 connect failure, 0 send limit, 0 transport error)], stompSubProtocol[processed CONNECT(2)-CONNECTED(2)-DISCONNECT(0)], stompBrokerRelay[null], inboundChannel[pool size = 0, active threads = 0, queued tasks = 0, completed tasks = 21], outboundChannelpool size = 0, active threads = 0, queued tasks = 0, completed tasks = 3], sockJsScheduler[pool size = 8, active threads = 1, queued tasks = 2, completed tasks = 3847]
2019-07-25 20:31:47 -WebSocketSession[1 current WS(1)-HttpStream(0)-HttpPoll(0), 2 total, 0 closed abnormally (0 connect failure, 0 send limit, 0 transport error)], stompSubProtocol[processed CONNECT(2)-CONNECTED(2)-DISCONNECT(0)], stompBrokerRelay[null], inboundChannel[pool size = 0, active threads = 0, queued tasks = 0, completed tasks = 21], outboundChannelpool size = 0, active threads = 0, queued tasks = 0, completed tasks = 3], sockJsScheduler[pool size = 8, active threads = 2, queued tasks = 1, completed tasks = 4068]
2019-07-25 20:31:47 -WebSocketSession[1 current WS(1)-HttpStream(0)-HttpPoll(0), 2 total, 0 closed abnormally (0 connect failure, 0 send limit, 0 transport error)], stompSubProtocol[processed CONNECT(2)-CONNECTED(2)-DISCONNECT(0)], stompBrokerRelay[null], inboundChannel[pool size = 0, active threads = 0, queued tasks = 0, completed tasks = 21], outboundChannelpool size = 0, active threads = 0, queued tasks = 0, completed tasks = 3], sockJsScheduler[pool size = 8, active threads = 2, queued tasks = 1, completed tasks = 4069]
2019-07-25 20:31:47 -WebSocketSession[1 current WS(1)-HttpStream(0)-HttpPoll(0), 2 total, 0 closed abnormally (0 connect failure, 0 send limit, 0 transport error)], stompSubProtocol[processed CONNECT(2)-CONNECTED(2)-DISCONNECT(0)], stompBrokerRelay[null], inboundChannel[pool size = 0, active threads = 0, queued tasks = 0, completed tasks = 21], outboundChannelpool size = 0, active threads = 0, queued tasks = 0, completed tasks = 3], sockJsScheduler[pool size = 8, active threads = 2, queued tasks = 1, completed tasks = 4070]
2019-07-25 20:49:24 -WebSocketSession[1 current WS(1)-HttpStream(0)-HttpPoll(0), 2 total, 0 closed abnormally (0 connect failure, 0 send limit, 0 transport error)], stompSubProtocol[processed CONNECT(2)-CONNECTED(2)-DISCONNECT(0)], stompBrokerRelay[null], inboundChannel[pool size = 0, active threads = 0, queued tasks = 0, completed tasks = 21], outboundChannelpool size = 0, active threads = 0, queued tasks = 0, completed tasks = 3], sockJsScheduler[pool size = 8, active threads = 1, queued tasks = 2, completed tasks = 5336]
2019-07-25 21:04:21 -Validating all active sessions...
2019-07-25 21:04:21 -Finished session validation.  No sessions were stopped.
2019-07-25 21:04:21 -Validating all active sessions...
2019-07-25 21:04:21 -Finished session validation.  No sessions were stopped.
2019-07-25 21:19:24 -WebSocketSession[1 current WS(1)-HttpStream(0)-HttpPoll(0), 2 total, 0 closed abnormally (0 connect failure, 0 send limit, 0 transport error)], stompSubProtocol[processed CONNECT(2)-CONNECTED(2)-DISCONNECT(0)], stompBrokerRelay[null], inboundChannel[pool size = 0, active threads = 0, queued tasks = 0, completed tasks = 21], outboundChannelpool size = 0, active threads = 0, queued tasks = 0, completed tasks = 3], sockJsScheduler[pool size = 8, active threads = 1, queued tasks = 2, completed tasks = 5769]
2019-07-25 21:22:42 -Validating all active sessions...
2019-07-25 21:22:42 -Finished session validation.  No sessions were stopped.
2019-07-25 21:49:24 -WebSocketSession[1 current WS(1)-HttpStream(0)-HttpPoll(0), 2 total, 0 closed abnormally (0 connect failure, 0 send limit, 0 transport error)], stompSubProtocol[processed CONNECT(2)-CONNECTED(2)-DISCONNECT(0)], stompBrokerRelay[null], inboundChannel[pool size = 0, active threads = 0, queued tasks = 0, completed tasks = 21], outboundChannelpool size = 0, active threads = 0, queued tasks = 0, completed tasks = 3], sockJsScheduler[pool size = 8, active threads = 1, queued tasks = 2, completed tasks = 6202]
2019-07-25 22:19:24 -WebSocketSession[1 current WS(1)-HttpStream(0)-HttpPoll(0), 2 total, 0 closed abnormally (0 connect failure, 0 send limit, 0 transport error)], stompSubProtocol[processed CONNECT(2)-CONNECTED(2)-DISCONNECT(0)], stompBrokerRelay[null], inboundChannel[pool size = 0, active threads = 0, queued tasks = 0, completed tasks = 21], outboundChannelpool size = 0, active threads = 0, queued tasks = 0, completed tasks = 3], sockJsScheduler[pool size = 8, active threads = 1, queued tasks = 2, completed tasks = 6635]
2019-07-25 22:22:42 -Validating all active sessions...
2019-07-25 22:22:42 -Finished session validation.  No sessions were stopped.
2019-07-25 22:49:24 -WebSocketSession[1 current WS(1)-HttpStream(0)-HttpPoll(0), 2 total, 0 closed abnormally (0 connect failure, 0 send limit, 0 transport error)], stompSubProtocol[processed CONNECT(2)-CONNECTED(2)-DISCONNECT(0)], stompBrokerRelay[null], inboundChannel[pool size = 0, active threads = 0, queued tasks = 0, completed tasks = 21], outboundChannelpool size = 0, active threads = 0, queued tasks = 0, completed tasks = 3], sockJsScheduler[pool size = 8, active threads = 1, queued tasks = 2, completed tasks = 7068]
